[ 2018-03-27T13:11:24+08:00 ] ::1 /index.php?c=detail&id=23
ERR: 1054:Unknown column 'news_id23' in 'where clause'
 [ SQL语句 ] : UPDATE `cms_news` SET `count`='5' WHERE ( news_id23 )

[ 2018-03-27T13:19:40+08:00 ] ::1 /index.php?c=detail&id=23
NOTIC: 建议使用E方法替代throw_exception

[ 2018-03-27T13:24:08+08:00 ] ::1 /index.php?c=detail&id=23
NOTIC: 建议使用E方法替代throw_exception

[ 2018-03-27T13:27:48+08:00 ] ::1 /index.php?c=detail&id=23
NOTIC: 建议使用E方法替代throw_exception

[ 2018-03-27T15:32:43+08:00 ] ::1 /index.php?c=index&a=build_html
ERR: 模板不存在:./Application/Home/View/Index/build_html.html

[ 2018-03-27T15:33:09+08:00 ] ::1 /index.php?c=index&a=build_html
ERR: 模板不存在:./Application/Home/View/Index/build_html.html

[ 2018-03-27T15:33:12+08:00 ] ::1 /index.php?c=index&a=build_html
ERR: 模板不存在:./Application/Home/View/Index/build_html.html

[ 2018-03-27T15:33:12+08:00 ] ::1 /index.php?c=index&a=build_html
ERR: 模板不存在:./Application/Home/View/Index/build_html.html

[ 2018-03-27T15:33:12+08:00 ] ::1 /index.php?c=index&a=build_html
ERR: 模板不存在:./Application/Home/View/Index/build_html.html

[ 2018-03-27T15:33:13+08:00 ] ::1 /index.php?c=index&a=build_html
ERR: 模板不存在:./Application/Home/View/Index/build_html.html

[ 2018-03-27T15:33:13+08:00 ] ::1 /index.php?c=index&a=build_html
ERR: 模板不存在:./Application/Home/View/Index/build_html.html

[ 2018-03-27T15:33:13+08:00 ] ::1 /index.php?c=index&a=build_html
ERR: 模板不存在:./Application/Home/View/Index/build_html.html

[ 2018-03-27T15:33:49+08:00 ] ::1 /index.php?c=index&a=build_html
ERR: 模板不存在:./Application/Home/View/Index/build_html.html

[ 2018-03-27T15:33:50+08:00 ] ::1 /index.php?c=index&a=build_html
ERR: 模板不存在:./Application/Home/View/Index/build_html.html

[ 2018-03-27T15:33:50+08:00 ] ::1 /index.php?c=index&a=build_html
ERR: 模板不存在:./Application/Home/View/Index/build_html.html

[ 2018-03-27T15:38:21+08:00 ] ::1 /index.php?c=index&a=build_html
ERR: 模板不存在:./Application/Home/View/Index/build_html.html

[ 2018-03-27T15:47:05+08:00 ] ::1 /index.php?c=index&a=build_html
ERR: 模板不存在:./Application/Home/View/Index/build_html.html

[ 2018-03-27T15:48:51+08:00 ] ::1 /index.php?c=index&a=build_html
ERR: 模板不存在:./Application/Home/View/Index/build_html.html

[ 2018-03-27T15:48:53+08:00 ] ::1 /index.php?c=index&a=build_html
ERR: 模板不存在:./Application/Home/View/Index/build_html.html

[ 2018-03-27T16:14:08+08:00 ] ::1 /index.php?c=index&a=build_html
INFO: [ app_begin ] --START--
INFO: Run Behavior\ReadHtmlCacheBehavior [ RunTime:0.000789s ]
INFO: [ app_begin ] --END-- [ RunTime:0.001229s ]
NOTIC: [2048] Declaration of Common\Model\NewsModel::find() should be compatible with Think\Model::find($options = Array) E:\wamp\wamp\www\News\Application\Common\Model\NewsModel.class.php 第 9 行.
SQL: SHOW COLUMNS FROM `cms_news` [ RunTime:0.0023s ]
SQL: SHOW COLUMNS FROM `cms_news` [ RunTime:0.0023s ]
SQL: SELECT * FROM `cms_news` WHERE `status` = 1 ORDER BY count desc,news_id desc  [ RunTime:0.0005s ]
NOTIC: [2048] Declaration of Common\Model\PositionContentModel::find() should be compatible with Think\Model::find($options = Array) E:\wamp\wamp\www\News\Application\Common\Model\PositionContentModel.class.php 第 70 行.
SQL: SHOW COLUMNS FROM `cms_position_content` [ RunTime:0.0025s ]
SQL: SHOW COLUMNS FROM `cms_position_content` [ RunTime:0.0021s ]
NOTIC: [8] Undefined index: title E:\wamp\wamp\www\News\Application\Common\Model\PositionContentModel.class.php 第 17 行.
SQL: SELECT * FROM `cms_position_content` WHERE `status` = 1 AND `position_id` = 2 ORDER BY listorder desc,id desc LIMIT 1   [ RunTime:0.0003s ]
NOTIC: [8] Undefined index: title E:\wamp\wamp\www\News\Application\Common\Model\PositionContentModel.class.php 第 17 行.
SQL: SELECT * FROM `cms_position_content` WHERE `status` = 1 AND `position_id` = 3 ORDER BY listorder desc,id desc LIMIT 3   [ RunTime:0.0003s ]
SQL: SELECT * FROM `cms_news`  [ RunTime:0.0003s ]
NOTIC: [8] Undefined index: title E:\wamp\wamp\www\News\Application\Common\Model\PositionContentModel.class.php 第 17 行.
SQL: SELECT * FROM `cms_position_content` WHERE `status` = 1 AND `position_id` = 5 ORDER BY listorder desc,id desc LIMIT 2   [ RunTime:0.0003s ]
INFO: [ view_parse ] --START--
INFO: [ template_filter ] --START--
INFO: Run Behavior\ContentReplaceBehavior [ RunTime:0.000083s ]
INFO: [ template_filter ] --END-- [ RunTime:0.000171s ]
NOTIC: [2048] Declaration of Common\Model\MenuModel::find() should be compatible with Think\Model::find($options = Array) E:\wamp\wamp\www\News\Application\Common\Model\MenuModel.class.php 第 84 行.
SQL: SHOW COLUMNS FROM `cms_menu` [ RunTime:0.0024s ]
SQL: SHOW COLUMNS FROM `cms_menu` [ RunTime:0.0020s ]
SQL: SELECT * FROM `cms_menu` WHERE `status` <> -1 AND `type` = 0 ORDER BY listorder desc,menu_id desc  [ RunTime:0.0003s ]
NOTIC: [8] Undefined index: name E:\wamp\wamp\www\News\Application\Runtime\Cache\Home\2a94b8bda04ff446dcedd42276fc99ee.php 第 79 行.
NOTIC: [8] Undefined index: name E:\wamp\wamp\www\News\Application\Runtime\Cache\Home\2a94b8bda04ff446dcedd42276fc99ee.php 第 79 行.
INFO: Run Behavior\ParseTemplateBehavior [ RunTime:0.025594s ]
INFO: [ view_parse ] --END-- [ RunTime:0.025675s ]
INFO: [ view_filter ] --START--
INFO: Run Behavior\WriteHtmlCacheBehavior [ RunTime:0.000787s ]
INFO: [ view_filter ] --END-- [ RunTime:0.000868s ]

[ 2018-03-27T16:59:54+08:00 ] ::1 /index.php?c=index&a=getCount
INFO: [ app_begin ] --START--
INFO: Run Behavior\ReadHtmlCacheBehavior [ RunTime:0.001689s ]
INFO: [ app_begin ] --END-- [ RunTime:0.002510s ]
NOTIC: [2048] Declaration of Common\Model\NewsModel::find() should be compatible with Think\Model::find($options = Array) E:\wamp\wamp\www\News\Application\Common\Model\NewsModel.class.php 第 9 行.
SQL: SHOW COLUMNS FROM `cms_news` [ RunTime:0.0036s ]
SQL: SHOW COLUMNS FROM `cms_news` [ RunTime:0.0037s ]
SQL: SELECT * FROM `cms_news` WHERE `news_id` IN ('23','21','22','24','39')  [ RunTime:0.0009s ]

[ 2018-03-27T17:01:56+08:00 ] ::1 /index.php?c=index&a=getCount
INFO: [ app_begin ] --START--
INFO: Run Behavior\ReadHtmlCacheBehavior [ RunTime:0.001098s ]
INFO: [ app_begin ] --END-- [ RunTime:0.001811s ]
NOTIC: [2048] Declaration of Common\Model\NewsModel::find() should be compatible with Think\Model::find($options = Array) E:\wamp\wamp\www\News\Application\Common\Model\NewsModel.class.php 第 9 行.
SQL: SHOW COLUMNS FROM `cms_news` [ RunTime:0.0024s ]
SQL: SHOW COLUMNS FROM `cms_news` [ RunTime:0.0021s ]
SQL: SELECT * FROM `cms_news` WHERE `news_id` IN ('23','21','22','24','39')  [ RunTime:0.0006s ]

[ 2018-03-27T17:02:01+08:00 ] ::1 /index.php?c=index&a=getCount
INFO: [ app_begin ] --START--
INFO: Run Behavior\ReadHtmlCacheBehavior [ RunTime:0.000855s ]
INFO: [ app_begin ] --END-- [ RunTime:0.001318s ]
NOTIC: [2048] Declaration of Common\Model\NewsModel::find() should be compatible with Think\Model::find($options = Array) E:\wamp\wamp\www\News\Application\Common\Model\NewsModel.class.php 第 9 行.
SQL: SHOW COLUMNS FROM `cms_news` [ RunTime:0.0031s ]
SQL: SHOW COLUMNS FROM `cms_news` [ RunTime:0.0032s ]
SQL: SELECT * FROM `cms_news` WHERE `news_id` IN ('23','21','22','24','39')  [ RunTime:0.0008s ]

[ 2018-03-27T17:02:05+08:00 ] ::1 /index.php?c=index&a=getCount
INFO: [ app_begin ] --START--
INFO: Run Behavior\ReadHtmlCacheBehavior [ RunTime:0.001494s ]
INFO: [ app_begin ] --END-- [ RunTime:0.002206s ]
NOTIC: [2048] Declaration of Common\Model\NewsModel::find() should be compatible with Think\Model::find($options = Array) E:\wamp\wamp\www\News\Application\Common\Model\NewsModel.class.php 第 9 行.
SQL: SHOW COLUMNS FROM `cms_news` [ RunTime:0.0044s ]
SQL: SHOW COLUMNS FROM `cms_news` [ RunTime:0.0025s ]
SQL: SELECT * FROM `cms_news` WHERE `news_id` IN ('23','21','22','24','39')  [ RunTime:0.0004s ]

[ 2018-03-27T17:02:50+08:00 ] ::1 /index.php?c=index&a=build_html
INFO: [ app_begin ] --START--
INFO: Run Behavior\ReadHtmlCacheBehavior [ RunTime:0.000947s ]
INFO: [ app_begin ] --END-- [ RunTime:0.001501s ]
NOTIC: [2048] Declaration of Common\Model\NewsModel::find() should be compatible with Think\Model::find($options = Array) E:\wamp\wamp\www\News\Application\Common\Model\NewsModel.class.php 第 9 行.
SQL: SHOW COLUMNS FROM `cms_news` [ RunTime:0.0027s ]
SQL: SHOW COLUMNS FROM `cms_news` [ RunTime:0.0025s ]
SQL: SELECT * FROM `cms_news` WHERE `status` = 1 ORDER BY count desc,news_id desc  [ RunTime:0.0005s ]
NOTIC: [2048] Declaration of Common\Model\PositionContentModel::find() should be compatible with Think\Model::find($options = Array) E:\wamp\wamp\www\News\Application\Common\Model\PositionContentModel.class.php 第 70 行.
SQL: SHOW COLUMNS FROM `cms_position_content` [ RunTime:0.0020s ]
SQL: SHOW COLUMNS FROM `cms_position_content` [ RunTime:0.0022s ]
NOTIC: [8] Undefined index: title E:\wamp\wamp\www\News\Application\Common\Model\PositionContentModel.class.php 第 17 行.
SQL: SELECT * FROM `cms_position_content` WHERE `status` = 1 AND `position_id` = 2 ORDER BY listorder desc,id desc LIMIT 1   [ RunTime:0.0003s ]
NOTIC: [8] Undefined index: title E:\wamp\wamp\www\News\Application\Common\Model\PositionContentModel.class.php 第 17 行.
SQL: SELECT * FROM `cms_position_content` WHERE `status` = 1 AND `position_id` = 3 ORDER BY listorder desc,id desc LIMIT 3   [ RunTime:0.0002s ]
SQL: SELECT * FROM `cms_news`  [ RunTime:0.0003s ]
NOTIC: [8] Undefined index: title E:\wamp\wamp\www\News\Application\Common\Model\PositionContentModel.class.php 第 17 行.
SQL: SELECT * FROM `cms_position_content` WHERE `status` = 1 AND `position_id` = 5 ORDER BY listorder desc,id desc LIMIT 2   [ RunTime:0.0003s ]
INFO: [ view_parse ] --START--
INFO: [ template_filter ] --START--
INFO: Run Behavior\ContentReplaceBehavior [ RunTime:0.000096s ]
INFO: [ template_filter ] --END-- [ RunTime:0.000192s ]
NOTIC: [2048] Declaration of Common\Model\MenuModel::find() should be compatible with Think\Model::find($options = Array) E:\wamp\wamp\www\News\Application\Common\Model\MenuModel.class.php 第 84 行.
SQL: SHOW COLUMNS FROM `cms_menu` [ RunTime:0.0025s ]
SQL: SHOW COLUMNS FROM `cms_menu` [ RunTime:0.0028s ]
SQL: SELECT * FROM `cms_menu` WHERE `status` <> -1 AND `type` = 0 ORDER BY listorder desc,menu_id desc  [ RunTime:0.0004s ]
NOTIC: [8] Undefined variable: news_count E:\wamp\wamp\www\News\Application\Runtime\Cache\Home\2a94b8bda04ff446dcedd42276fc99ee.php 第 36 行.
NOTIC: [8] Undefined index: name E:\wamp\wamp\www\News\Application\Runtime\Cache\Home\2a94b8bda04ff446dcedd42276fc99ee.php 第 80 行.
NOTIC: [8] Undefined index: name E:\wamp\wamp\www\News\Application\Runtime\Cache\Home\2a94b8bda04ff446dcedd42276fc99ee.php 第 80 行.
INFO: Run Behavior\ParseTemplateBehavior [ RunTime:0.030409s ]
INFO: [ view_parse ] --END-- [ RunTime:0.030520s ]
INFO: [ view_filter ] --START--
INFO: Run Behavior\WriteHtmlCacheBehavior [ RunTime:0.000800s ]
INFO: [ view_filter ] --END-- [ RunTime:0.000910s ]

[ 2018-03-27T17:02:53+08:00 ] ::1 /index.php?c=index&a=getCount
INFO: [ app_begin ] --START--
INFO: Run Behavior\ReadHtmlCacheBehavior [ RunTime:0.002495s ]
INFO: [ app_begin ] --END-- [ RunTime:0.003295s ]
NOTIC: [2048] Declaration of Common\Model\NewsModel::find() should be compatible with Think\Model::find($options = Array) E:\wamp\wamp\www\News\Application\Common\Model\NewsModel.class.php 第 9 行.
SQL: SHOW COLUMNS FROM `cms_news` [ RunTime:0.0034s ]
SQL: SHOW COLUMNS FROM `cms_news` [ RunTime:0.0031s ]
SQL: SELECT * FROM `cms_news` WHERE `news_id` IN ('23','21','22','24','39')  [ RunTime:0.0005s ]

