[ 2018-03-28T13:49:05+08:00 ] ::1 /index.php?m=admin&c=login&a=check
INFO: [ app_begin ] --START--
INFO: Run Behavior\ReadHtmlCacheBehavior [ RunTime:0.000524s ]
INFO: [ app_begin ] --END-- [ RunTime:0.000900s ]
SQL: SHOW COLUMNS FROM `cms_admin` [ RunTime:0.0986s ]
SQL: SHOW COLUMNS FROM `cms_admin` [ RunTime:0.0022s ]
SQL: SELECT * FROM `cms_admin` WHERE ( username="admin" ) LIMIT 1   [ RunTime:0.0004s ]

[ 2018-03-28T13:49:11+08:00 ] ::1 /admin.php?c=admin
ERR: Think\Model:getAdmins方法不存在！

[ 2018-03-28T14:08:47+08:00 ] ::1 /admin.php?c=admin
ERR: Think\Model:getAdmins方法不存在！

[ 2018-03-28T14:08:48+08:00 ] ::1 /admin.php?c=admin
ERR: Think\Model:getAdmins方法不存在！

[ 2018-03-28T14:08:50+08:00 ] ::1 /admin.php?c=admin
ERR: Think\Model:getAdmins方法不存在！

[ 2018-03-28T14:08:54+08:00 ] ::1 /admin.php?c=admin
ERR: Think\Model:getAdmins方法不存在！

[ 2018-03-28T14:09:04+08:00 ] ::1 /admin.php?c=admin
ERR: 1064:You have an error in your SQL syntax; check the manual that corresponds to your MySQL server version for the right syntax to use near 'desc )' at line 1
 [ SQL语句 ] : SELECT * FROM `cms_admin` WHERE ( admin_id desc ) 

[ 2018-03-28T14:14:29+08:00 ] ::1 /admin.php?c=admin
ERR: 1064:You have an error in your SQL syntax; check the manual that corresponds to your MySQL server version for the right syntax to use near 'desc )' at line 1
 [ SQL语句 ] : SELECT * FROM `cms_admin` WHERE ( admin_id desc ) 

[ 2018-03-28T14:38:36+08:00 ] ::1 /admin.php?c=admin&a=setStatus
INFO: [ app_begin ] --START--
INFO: Run Behavior\ReadHtmlCacheBehavior [ RunTime:0.000650s ]
INFO: [ app_begin ] --END-- [ RunTime:0.001134s ]
NOTIC: [2048] Declaration of Admin\Controller\AdminController::setStatus() should be compatible with Admin\Controller\CommonController::setStatus($data, $models) E:\wamp\wamp\www\News\Application\Admin\Controller\AdminController.class.php 第 10 行.

[ 2018-03-28T14:39:14+08:00 ] ::1 /admin.php?c=admin&a=setStatus
INFO: [ app_begin ] --START--
INFO: Run Behavior\ReadHtmlCacheBehavior [ RunTime:0.000570s ]
INFO: [ app_begin ] --END-- [ RunTime:0.000961s ]
NOTIC: [2048] Declaration of Admin\Controller\AdminController::setStatus() should be compatible with Admin\Controller\CommonController::setStatus($data, $models) E:\wamp\wamp\www\News\Application\Admin\Controller\AdminController.class.php 第 10 行.
SQL: SHOW COLUMNS FROM `cms_admin` [ RunTime:0.0023s ]
SQL: SHOW COLUMNS FROM `cms_admin` [ RunTime:0.0021s ]

[ 2018-03-28T14:39:15+08:00 ] ::1 /admin.php?c=admin&a=setStatus
INFO: [ app_begin ] --START--
INFO: Run Behavior\ReadHtmlCacheBehavior [ RunTime:0.000558s ]
INFO: [ app_begin ] --END-- [ RunTime:0.001003s ]
NOTIC: [2048] Declaration of Admin\Controller\AdminController::setStatus() should be compatible with Admin\Controller\CommonController::setStatus($data, $models) E:\wamp\wamp\www\News\Application\Admin\Controller\AdminController.class.php 第 10 行.
SQL: SHOW COLUMNS FROM `cms_admin` [ RunTime:0.0026s ]
SQL: SHOW COLUMNS FROM `cms_admin` [ RunTime:0.0023s ]

[ 2018-03-28T14:39:24+08:00 ] ::1 /admin.php?c=admin&a=setStatus
INFO: [ app_begin ] --START--
INFO: Run Behavior\ReadHtmlCacheBehavior [ RunTime:0.000859s ]
INFO: [ app_begin ] --END-- [ RunTime:0.001478s ]
NOTIC: [2048] Declaration of Admin\Controller\AdminController::setStatus() should be compatible with Admin\Controller\CommonController::setStatus($data, $models) E:\wamp\wamp\www\News\Application\Admin\Controller\AdminController.class.php 第 10 行.
SQL: SHOW COLUMNS FROM `cms_admin` [ RunTime:0.0036s ]
SQL: SHOW COLUMNS FROM `cms_admin` [ RunTime:0.0033s ]

[ 2018-03-28T14:42:05+08:00 ] ::1 /admin.php?c=admin&a=setStatus
INFO: [ app_begin ] --START--
INFO: Run Behavior\ReadHtmlCacheBehavior [ RunTime:0.000785s ]
INFO: [ app_begin ] --END-- [ RunTime:0.001331s ]
NOTIC: [2048] Declaration of Admin\Controller\AdminController::setStatus() should be compatible with Admin\Controller\CommonController::setStatus($data, $models) E:\wamp\wamp\www\News\Application\Admin\Controller\AdminController.class.php 第 10 行.
SQL: SHOW COLUMNS FROM `cms_admin` [ RunTime:0.0033s ]
SQL: SHOW COLUMNS FROM `cms_admin` [ RunTime:0.0024s ]

[ 2018-03-28T14:43:33+08:00 ] ::1 /admin.php?c=admin&a=setStatus
INFO: [ app_begin ] --START--
INFO: Run Behavior\ReadHtmlCacheBehavior [ RunTime:0.000654s ]
INFO: [ app_begin ] --END-- [ RunTime:0.001159s ]
NOTIC: [2048] Declaration of Admin\Controller\AdminController::setStatus() should be compatible with Admin\Controller\CommonController::setStatus($data, $models) E:\wamp\wamp\www\News\Application\Admin\Controller\AdminController.class.php 第 10 行.
SQL: SHOW COLUMNS FROM `cms_admin` [ RunTime:0.0024s ]
SQL: SHOW COLUMNS FROM `cms_admin` [ RunTime:0.0029s ]
ERR: 1054:Unknown column 'admin_id3' in 'where clause'
 [ SQL语句 ] : UPDATE `cms_admin` SET `status`='-1' WHERE ( admin_id3 )
ERR: 1054:Unknown column 'admin_id3' in 'where clause'
 [ SQL语句 ] : UPDATE `cms_admin` SET `status`='-1' WHERE ( admin_id3 )

[ 2018-03-28T14:44:07+08:00 ] ::1 /admin.php?c=admin&a=setStatus
INFO: [ app_begin ] --START--
INFO: Run Behavior\ReadHtmlCacheBehavior [ RunTime:0.000766s ]
INFO: [ app_begin ] --END-- [ RunTime:0.001255s ]
NOTIC: [2048] Declaration of Admin\Controller\AdminController::setStatus() should be compatible with Admin\Controller\CommonController::setStatus($data, $models) E:\wamp\wamp\www\News\Application\Admin\Controller\AdminController.class.php 第 10 行.
SQL: SHOW COLUMNS FROM `cms_admin` [ RunTime:0.0024s ]
SQL: SHOW COLUMNS FROM `cms_admin` [ RunTime:0.0022s ]
SQL: UPDATE `cms_admin` SET `status`='-1' WHERE ( admin_id=3 ) [ RunTime:0.0772s ]

[ 2018-03-28T14:48:01+08:00 ] ::1 /admin.php?c=admin&a=setStatus
INFO: [ app_begin ] --START--
INFO: Run Behavior\ReadHtmlCacheBehavior [ RunTime:0.000661s ]
INFO: [ app_begin ] --END-- [ RunTime:0.001160s ]
NOTIC: [2048] Declaration of Admin\Controller\AdminController::setStatus() should be compatible with Admin\Controller\CommonController::setStatus($data, $models) E:\wamp\wamp\www\News\Application\Admin\Controller\AdminController.class.php 第 10 行.
SQL: SHOW COLUMNS FROM `cms_admin` [ RunTime:0.0028s ]
SQL: SHOW COLUMNS FROM `cms_admin` [ RunTime:0.0029s ]
SQL: UPDATE `cms_admin` SET `status`='-1' WHERE ( admin_id=3 ) [ RunTime:0.0004s ]

[ 2018-03-28T14:53:38+08:00 ] ::1 /admin.php?c=admin&a=setStatus
INFO: [ app_begin ] --START--
INFO: Run Behavior\ReadHtmlCacheBehavior [ RunTime:0.001054s ]
INFO: [ app_begin ] --END-- [ RunTime:0.001768s ]
NOTIC: [2048] Declaration of Admin\Controller\AdminController::setStatus() should be compatible with Admin\Controller\CommonController::setStatus($data, $models) E:\wamp\wamp\www\News\Application\Admin\Controller\AdminController.class.php 第 10 行.
SQL: SHOW COLUMNS FROM `cms_admin` [ RunTime:0.0037s ]
SQL: SHOW COLUMNS FROM `cms_admin` [ RunTime:0.0026s ]
SQL: UPDATE `cms_admin` SET `status`='-1' WHERE ( admin_id=3 ) [ RunTime:0.0008s ]

[ 2018-03-28T14:54:16+08:00 ] ::1 /admin.php?c=admin&a=setStatus
INFO: [ app_begin ] --START--
INFO: Run Behavior\ReadHtmlCacheBehavior [ RunTime:0.001743s ]
INFO: [ app_begin ] --END-- [ RunTime:0.002822s ]
NOTIC: [2048] Declaration of Admin\Controller\AdminController::setStatus() should be compatible with Admin\Controller\CommonController::setStatus($data, $models) E:\wamp\wamp\www\News\Application\Admin\Controller\AdminController.class.php 第 10 行.
SQL: SHOW COLUMNS FROM `cms_admin` [ RunTime:0.0022s ]
SQL: SHOW COLUMNS FROM `cms_admin` [ RunTime:0.0021s ]
SQL: UPDATE `cms_admin` SET `status`='-1' WHERE ( admin_id=3 ) [ RunTime:0.0003s ]

[ 2018-03-28T14:55:14+08:00 ] ::1 /admin.php?c=admin&a=setStatus
INFO: [ app_begin ] --START--
INFO: Run Behavior\ReadHtmlCacheBehavior [ RunTime:0.000819s ]
INFO: [ app_begin ] --END-- [ RunTime:0.001393s ]
NOTIC: [2048] Declaration of Admin\Controller\AdminController::setStatus() should be compatible with Admin\Controller\CommonController::setStatus($data, $models) E:\wamp\wamp\www\News\Application\Admin\Controller\AdminController.class.php 第 10 行.
SQL: SHOW COLUMNS FROM `cms_admin` [ RunTime:0.0028s ]
SQL: SHOW COLUMNS FROM `cms_admin` [ RunTime:0.0032s ]
SQL: UPDATE `cms_admin` SET `status`='-1' WHERE ( admin_id=3 ) [ RunTime:0.0004s ]

[ 2018-03-28T14:58:15+08:00 ] ::1 /admin.php?c=admin&a=setStatus
INFO: [ app_begin ] --START--
INFO: Run Behavior\ReadHtmlCacheBehavior [ RunTime:0.000631s ]
INFO: [ app_begin ] --END-- [ RunTime:0.001077s ]
NOTIC: [2048] Declaration of Admin\Controller\AdminController::setStatus() should be compatible with Admin\Controller\CommonController::setStatus($data, $models) E:\wamp\wamp\www\News\Application\Admin\Controller\AdminController.class.php 第 10 行.
SQL: SHOW COLUMNS FROM `cms_admin` [ RunTime:0.0026s ]
SQL: SHOW COLUMNS FROM `cms_admin` [ RunTime:0.0020s ]
SQL: UPDATE `cms_admin` SET `status`='-1' WHERE ( admin_id=3 ) [ RunTime:0.0003s ]

[ 2018-03-28T15:02:02+08:00 ] ::1 /admin.php?c=admin&a=setStatus
INFO: [ app_begin ] --START--
INFO: Run Behavior\ReadHtmlCacheBehavior [ RunTime:0.000629s ]
INFO: [ app_begin ] --END-- [ RunTime:0.001126s ]
NOTIC: [2048] Declaration of Admin\Controller\AdminController::setStatus() should be compatible with Admin\Controller\CommonController::setStatus($data, $models) E:\wamp\wamp\www\News\Application\Admin\Controller\AdminController.class.php 第 10 行.
SQL: SHOW COLUMNS FROM `cms_admin` [ RunTime:0.0039s ]
SQL: SHOW COLUMNS FROM `cms_admin` [ RunTime:0.0043s ]
SQL: UPDATE `cms_admin` SET `status`='-1' WHERE ( admin_id=3 ) [ RunTime:0.0005s ]

[ 2018-03-28T15:04:18+08:00 ] ::1 /admin.php?c=admin&a=setStatus
INFO: [ app_begin ] --START--
INFO: Run Behavior\ReadHtmlCacheBehavior [ RunTime:0.001043s ]
INFO: [ app_begin ] --END-- [ RunTime:0.001966s ]
NOTIC: [2048] Declaration of Admin\Controller\AdminController::setStatus() should be compatible with Admin\Controller\CommonController::setStatus($data, $models) E:\wamp\wamp\www\News\Application\Admin\Controller\AdminController.class.php 第 10 行.
SQL: SHOW COLUMNS FROM `cms_admin` [ RunTime:0.0027s ]
SQL: SHOW COLUMNS FROM `cms_admin` [ RunTime:0.0022s ]

[ 2018-03-28T15:05:11+08:00 ] ::1 /admin.php?c=admin&a=setStatus
INFO: [ app_begin ] --START--
INFO: Run Behavior\ReadHtmlCacheBehavior [ RunTime:0.000636s ]
INFO: [ app_begin ] --END-- [ RunTime:0.001140s ]
NOTIC: [2048] Declaration of Admin\Controller\AdminController::setStatus() should be compatible with Admin\Controller\CommonController::setStatus($data, $models) E:\wamp\wamp\www\News\Application\Admin\Controller\AdminController.class.php 第 10 行.
SQL: SHOW COLUMNS FROM `cms_admin` [ RunTime:0.0028s ]
SQL: SHOW COLUMNS FROM `cms_admin` [ RunTime:0.0024s ]
SQL: UPDATE `cms_admin` SET `status`='-1' WHERE ( admin_id=3 ) [ RunTime:0.0004s ]

[ 2018-03-28T15:07:35+08:00 ] ::1 /admin.php?c=admin&a=setStatus
INFO: [ app_begin ] --START--
INFO: Run Behavior\ReadHtmlCacheBehavior [ RunTime:0.000910s ]
INFO: [ app_begin ] --END-- [ RunTime:0.001424s ]
NOTIC: [2048] Declaration of Admin\Controller\AdminController::setStatus() should be compatible with Admin\Controller\CommonController::setStatus($data, $models) E:\wamp\wamp\www\News\Application\Admin\Controller\AdminController.class.php 第 10 行.
SQL: SHOW COLUMNS FROM `cms_admin` [ RunTime:0.0023s ]
SQL: SHOW COLUMNS FROM `cms_admin` [ RunTime:0.0022s ]
SQL: UPDATE `cms_admin` SET `status`='-1' WHERE ( admin_id=3 ) [ RunTime:0.0005s ]

[ 2018-03-28T15:13:37+08:00 ] ::1 /admin.php?c=admin&a=add
INFO: [ app_begin ] --START--
INFO: Run Behavior\ReadHtmlCacheBehavior [ RunTime:0.000554s ]
INFO: [ app_begin ] --END-- [ RunTime:0.000982s ]
NOTIC: [2048] Declaration of Admin\Controller\AdminController::setStatus() should be compatible with Admin\Controller\CommonController::setStatus($data, $models) E:\wamp\wamp\www\News\Application\Admin\Controller\AdminController.class.php 第 10 行.
SQL: SHOW COLUMNS FROM `cms_admin` [ RunTime:0.0021s ]
SQL: SHOW COLUMNS FROM `cms_admin` [ RunTime:0.0029s ]
SQL: SELECT * FROM `cms_admin` WHERE ( username="jove" ) LIMIT 1   [ RunTime:0.0003s ]
SQL: INSERT INTO `cms_admin` (`username`,`password`,`realname`) VALUES ('jove','55d6496c8ef24f3f78a80c7188c7402b','jove') [ RunTime:0.0003s ]

[ 2018-03-28T15:26:09+08:00 ] ::1 /index.php?m=admin&c=login&a=check
INFO: [ app_begin ] --START--
INFO: Run Behavior\ReadHtmlCacheBehavior [ RunTime:0.001238s ]
INFO: [ app_begin ] --END-- [ RunTime:0.002038s ]

[ 2018-03-28T15:30:08+08:00 ] ::1 /index.php?m=admin&c=login&a=check
INFO: [ app_begin ] --START--
INFO: Run Behavior\ReadHtmlCacheBehavior [ RunTime:0.000693s ]
INFO: [ app_begin ] --END-- [ RunTime:0.001203s ]
SQL: SHOW COLUMNS FROM `cms_admin` [ RunTime:0.0031s ]
SQL: SHOW COLUMNS FROM `cms_admin` [ RunTime:0.0022s ]
SQL: SELECT * FROM `cms_admin` WHERE ( username="jove" ) LIMIT 1   [ RunTime:0.0003s ]
SQL: UPDATE `cms_admin` SET `lastlogintime`='1522222208' WHERE ( admin_id=5 ) [ RunTime:0.0003s ]

[ 2018-03-28T15:30:12+08:00 ] ::1 /index.php?m=admin&c=login&a=check
INFO: [ app_begin ] --START--
INFO: Run Behavior\ReadHtmlCacheBehavior [ RunTime:0.000676s ]
INFO: [ app_begin ] --END-- [ RunTime:0.001152s ]
SQL: SHOW COLUMNS FROM `cms_admin` [ RunTime:0.0028s ]
SQL: SHOW COLUMNS FROM `cms_admin` [ RunTime:0.0034s ]
SQL: SELECT * FROM `cms_admin` WHERE ( username="jove" ) LIMIT 1   [ RunTime:0.0004s ]
SQL: UPDATE `cms_admin` SET `lastlogintime`='1522222212' WHERE ( admin_id=5 ) [ RunTime:0.0005s ]

[ 2018-03-28T15:30:17+08:00 ] ::1 /index.php?m=admin&c=login&a=check
INFO: [ app_begin ] --START--
INFO: Run Behavior\ReadHtmlCacheBehavior [ RunTime:0.000691s ]
INFO: [ app_begin ] --END-- [ RunTime:0.001155s ]
SQL: SHOW COLUMNS FROM `cms_admin` [ RunTime:0.0023s ]
SQL: SHOW COLUMNS FROM `cms_admin` [ RunTime:0.0024s ]
SQL: SELECT * FROM `cms_admin` WHERE ( username="jove" ) LIMIT 1   [ RunTime:0.0003s ]
SQL: UPDATE `cms_admin` SET `lastlogintime`='1522222217' WHERE ( admin_id=5 ) [ RunTime:0.0003s ]

[ 2018-03-28T15:30:18+08:00 ] ::1 /index.php?m=admin&c=login&a=check
INFO: [ app_begin ] --START--
INFO: Run Behavior\ReadHtmlCacheBehavior [ RunTime:0.000731s ]
INFO: [ app_begin ] --END-- [ RunTime:0.001296s ]
SQL: SHOW COLUMNS FROM `cms_admin` [ RunTime:0.0030s ]
SQL: SHOW COLUMNS FROM `cms_admin` [ RunTime:0.0024s ]
SQL: SELECT * FROM `cms_admin` WHERE ( username="jove" ) LIMIT 1   [ RunTime:0.0003s ]
SQL: UPDATE `cms_admin` SET `lastlogintime`='1522222218' WHERE ( admin_id=5 ) [ RunTime:0.0003s ]

[ 2018-03-28T15:30:20+08:00 ] ::1 /index.php?m=admin&c=login&a=check
INFO: [ app_begin ] --START--
INFO: Run Behavior\ReadHtmlCacheBehavior [ RunTime:0.000821s ]
INFO: [ app_begin ] --END-- [ RunTime:0.001397s ]
SQL: SHOW COLUMNS FROM `cms_admin` [ RunTime:0.0022s ]
SQL: SHOW COLUMNS FROM `cms_admin` [ RunTime:0.0025s ]
SQL: SELECT * FROM `cms_admin` WHERE ( username="jove" ) LIMIT 1   [ RunTime:0.0003s ]
SQL: UPDATE `cms_admin` SET `lastlogintime`='1522222220' WHERE ( admin_id=5 ) [ RunTime:0.0003s ]

[ 2018-03-28T15:32:15+08:00 ] ::1 /index.php?m=admin&c=login&a=check
INFO: [ app_begin ] --START--
INFO: Run Behavior\ReadHtmlCacheBehavior [ RunTime:0.000698s ]
INFO: [ app_begin ] --END-- [ RunTime:0.001214s ]

[ 2018-03-28T15:32:17+08:00 ] ::1 /index.php?m=admin&c=login&a=check
INFO: [ app_begin ] --START--
INFO: Run Behavior\ReadHtmlCacheBehavior [ RunTime:0.000787s ]
INFO: [ app_begin ] --END-- [ RunTime:0.001369s ]

[ 2018-03-28T15:32:20+08:00 ] ::1 /index.php?m=admin&c=login&a=check
INFO: [ app_begin ] --START--
INFO: Run Behavior\ReadHtmlCacheBehavior [ RunTime:0.000591s ]
INFO: [ app_begin ] --END-- [ RunTime:0.001033s ]

[ 2018-03-28T15:32:40+08:00 ] ::1 /index.php?m=admin&c=login&a=check
INFO: [ app_begin ] --START--
INFO: Run Behavior\ReadHtmlCacheBehavior [ RunTime:0.000591s ]
INFO: [ app_begin ] --END-- [ RunTime:0.000998s ]

[ 2018-03-28T15:32:41+08:00 ] ::1 /index.php?m=admin&c=login&a=check
INFO: [ app_begin ] --START--
INFO: Run Behavior\ReadHtmlCacheBehavior [ RunTime:0.001115s ]
INFO: [ app_begin ] --END-- [ RunTime:0.001889s ]

[ 2018-03-28T15:36:55+08:00 ] ::1 /index.php?m=admin&c=login&a=check
INFO: [ app_begin ] --START--
INFO: Run Behavior\ReadHtmlCacheBehavior [ RunTime:0.000768s ]
INFO: [ app_begin ] --END-- [ RunTime:0.001345s ]

[ 2018-03-28T15:36:56+08:00 ] ::1 /index.php?m=admin&c=login&a=check
INFO: [ app_begin ] --START--
INFO: Run Behavior\ReadHtmlCacheBehavior [ RunTime:0.000705s ]
INFO: [ app_begin ] --END-- [ RunTime:0.001225s ]

[ 2018-03-28T15:36:57+08:00 ] ::1 /index.php?m=admin&c=login&a=check
INFO: [ app_begin ] --START--
INFO: Run Behavior\ReadHtmlCacheBehavior [ RunTime:0.001063s ]
INFO: [ app_begin ] --END-- [ RunTime:0.001907s ]

[ 2018-03-28T15:36:57+08:00 ] ::1 /index.php?m=admin&c=login&a=check
INFO: [ app_begin ] --START--
INFO: Run Behavior\ReadHtmlCacheBehavior [ RunTime:0.000722s ]
INFO: [ app_begin ] --END-- [ RunTime:0.001210s ]

[ 2018-03-28T15:36:57+08:00 ] ::1 /index.php?m=admin&c=login&a=check
INFO: [ app_begin ] --START--
INFO: Run Behavior\ReadHtmlCacheBehavior [ RunTime:0.000574s ]
INFO: [ app_begin ] --END-- [ RunTime:0.001007s ]

[ 2018-03-28T15:36:57+08:00 ] ::1 /index.php?m=admin&c=login&a=check
INFO: [ app_begin ] --START--
INFO: Run Behavior\ReadHtmlCacheBehavior [ RunTime:0.000586s ]
INFO: [ app_begin ] --END-- [ RunTime:0.000991s ]

[ 2018-03-28T15:36:57+08:00 ] ::1 /index.php?m=admin&c=login&a=check
INFO: [ app_begin ] --START--
INFO: Run Behavior\ReadHtmlCacheBehavior [ RunTime:0.000635s ]
INFO: [ app_begin ] --END-- [ RunTime:0.001096s ]

[ 2018-03-28T15:36:58+08:00 ] ::1 /index.php?m=admin&c=login&a=check
INFO: [ app_begin ] --START--
INFO: Run Behavior\ReadHtmlCacheBehavior [ RunTime:0.000627s ]
INFO: [ app_begin ] --END-- [ RunTime:0.001113s ]

[ 2018-03-28T15:36:58+08:00 ] ::1 /index.php?m=admin&c=login&a=check
INFO: [ app_begin ] --START--
INFO: Run Behavior\ReadHtmlCacheBehavior [ RunTime:0.001211s ]
INFO: [ app_begin ] --END-- [ RunTime:0.002085s ]

[ 2018-03-28T15:36:58+08:00 ] ::1 /index.php?m=admin&c=login&a=check
INFO: [ app_begin ] --START--
INFO: Run Behavior\ReadHtmlCacheBehavior [ RunTime:0.001122s ]
INFO: [ app_begin ] --END-- [ RunTime:0.002723s ]

[ 2018-03-28T15:36:58+08:00 ] ::1 /index.php?m=admin&c=login&a=check
INFO: [ app_begin ] --START--
INFO: Run Behavior\ReadHtmlCacheBehavior [ RunTime:0.000597s ]
INFO: [ app_begin ] --END-- [ RunTime:0.000989s ]

[ 2018-03-28T15:37:05+08:00 ] ::1 /index.php?m=admin&c=login&a=check
INFO: [ app_begin ] --START--
INFO: Run Behavior\ReadHtmlCacheBehavior [ RunTime:0.001156s ]
INFO: [ app_begin ] --END-- [ RunTime:0.001954s ]
SQL: SHOW COLUMNS FROM `cms_admin` [ RunTime:0.0025s ]
SQL: SHOW COLUMNS FROM `cms_admin` [ RunTime:0.0037s ]
SQL: SELECT * FROM `cms_admin` WHERE ( username="jove" ) LIMIT 1   [ RunTime:0.0005s ]
SQL: UPDATE `cms_admin` SET `lastlogintime`='1522222625' WHERE ( admin_id=5 ) [ RunTime:0.0003s ]

[ 2018-03-28T15:37:06+08:00 ] ::1 /index.php?m=admin&c=login&a=check
INFO: [ app_begin ] --START--
INFO: Run Behavior\ReadHtmlCacheBehavior [ RunTime:0.000715s ]
INFO: [ app_begin ] --END-- [ RunTime:0.001242s ]
SQL: SHOW COLUMNS FROM `cms_admin` [ RunTime:0.0026s ]
SQL: SHOW COLUMNS FROM `cms_admin` [ RunTime:0.0022s ]
SQL: SELECT * FROM `cms_admin` WHERE ( username="jove" ) LIMIT 1   [ RunTime:0.0003s ]
SQL: UPDATE `cms_admin` SET `lastlogintime`='1522222626' WHERE ( admin_id=5 ) [ RunTime:0.0003s ]

[ 2018-03-28T15:37:06+08:00 ] ::1 /index.php?m=admin&c=login&a=check
INFO: [ app_begin ] --START--
INFO: Run Behavior\ReadHtmlCacheBehavior [ RunTime:0.000734s ]
INFO: [ app_begin ] --END-- [ RunTime:0.001897s ]
SQL: SHOW COLUMNS FROM `cms_admin` [ RunTime:0.0029s ]
SQL: SHOW COLUMNS FROM `cms_admin` [ RunTime:0.0022s ]
SQL: SELECT * FROM `cms_admin` WHERE ( username="jove" ) LIMIT 1   [ RunTime:0.0004s ]
SQL: UPDATE `cms_admin` SET `lastlogintime`='1522222626' WHERE ( admin_id=5 ) [ RunTime:0.0003s ]

[ 2018-03-28T15:37:07+08:00 ] ::1 /index.php?m=admin&c=login&a=check
INFO: [ app_begin ] --START--
INFO: Run Behavior\ReadHtmlCacheBehavior [ RunTime:0.000634s ]
INFO: [ app_begin ] --END-- [ RunTime:0.001106s ]
SQL: SHOW COLUMNS FROM `cms_admin` [ RunTime:0.0035s ]
SQL: SHOW COLUMNS FROM `cms_admin` [ RunTime:0.0034s ]
SQL: SELECT * FROM `cms_admin` WHERE ( username="jove" ) LIMIT 1   [ RunTime:0.0005s ]
SQL: UPDATE `cms_admin` SET `lastlogintime`='1522222627' WHERE ( admin_id=5 ) [ RunTime:0.0004s ]

[ 2018-03-28T15:37:07+08:00 ] ::1 /index.php?m=admin&c=login&a=check
INFO: [ app_begin ] --START--
INFO: Run Behavior\ReadHtmlCacheBehavior [ RunTime:0.000670s ]
INFO: [ app_begin ] --END-- [ RunTime:0.001068s ]
SQL: SHOW COLUMNS FROM `cms_admin` [ RunTime:0.0024s ]
SQL: SHOW COLUMNS FROM `cms_admin` [ RunTime:0.0045s ]
SQL: SELECT * FROM `cms_admin` WHERE ( username="jove" ) LIMIT 1   [ RunTime:0.0007s ]
SQL: UPDATE `cms_admin` SET `lastlogintime`='1522222627' WHERE ( admin_id=5 ) [ RunTime:0.0005s ]

[ 2018-03-28T15:37:07+08:00 ] ::1 /index.php?m=admin&c=login&a=check
INFO: [ app_begin ] --START--
INFO: Run Behavior\ReadHtmlCacheBehavior [ RunTime:0.000907s ]
INFO: [ app_begin ] --END-- [ RunTime:0.001564s ]
SQL: SHOW COLUMNS FROM `cms_admin` [ RunTime:0.0031s ]
SQL: SHOW COLUMNS FROM `cms_admin` [ RunTime:0.0029s ]
SQL: SELECT * FROM `cms_admin` WHERE ( username="jove" ) LIMIT 1   [ RunTime:0.0004s ]
SQL: UPDATE `cms_admin` SET `lastlogintime`='1522222627' WHERE ( admin_id=5 ) [ RunTime:0.0003s ]

[ 2018-03-28T15:37:07+08:00 ] ::1 /index.php?m=admin&c=login&a=check
INFO: [ app_begin ] --START--
INFO: Run Behavior\ReadHtmlCacheBehavior [ RunTime:0.000692s ]
INFO: [ app_begin ] --END-- [ RunTime:0.001302s ]
SQL: SHOW COLUMNS FROM `cms_admin` [ RunTime:0.0029s ]
SQL: SHOW COLUMNS FROM `cms_admin` [ RunTime:0.0021s ]
SQL: SELECT * FROM `cms_admin` WHERE ( username="jove" ) LIMIT 1   [ RunTime:0.0005s ]
SQL: UPDATE `cms_admin` SET `lastlogintime`='1522222627' WHERE ( admin_id=5 ) [ RunTime:0.0183s ]

[ 2018-03-28T15:37:07+08:00 ] ::1 /index.php?m=admin&c=login&a=check
INFO: [ app_begin ] --START--
INFO: Run Behavior\ReadHtmlCacheBehavior [ RunTime:0.000610s ]
INFO: [ app_begin ] --END-- [ RunTime:0.001065s ]
SQL: SHOW COLUMNS FROM `cms_admin` [ RunTime:0.0025s ]
SQL: SHOW COLUMNS FROM `cms_admin` [ RunTime:0.0022s ]
SQL: SELECT * FROM `cms_admin` WHERE ( username="jove" ) LIMIT 1   [ RunTime:0.0005s ]
SQL: UPDATE `cms_admin` SET `lastlogintime`='1522222627' WHERE ( admin_id=5 ) [ RunTime:0.0006s ]

[ 2018-03-28T15:37:08+08:00 ] ::1 /index.php?m=admin&c=login&a=check
INFO: [ app_begin ] --START--
INFO: Run Behavior\ReadHtmlCacheBehavior [ RunTime:0.000614s ]
INFO: [ app_begin ] --END-- [ RunTime:0.001068s ]
SQL: SHOW COLUMNS FROM `cms_admin` [ RunTime:0.0028s ]
SQL: SHOW COLUMNS FROM `cms_admin` [ RunTime:0.0022s ]
SQL: SELECT * FROM `cms_admin` WHERE ( username="jove" ) LIMIT 1   [ RunTime:0.0003s ]
SQL: UPDATE `cms_admin` SET `lastlogintime`='1522222628' WHERE ( admin_id=5 ) [ RunTime:0.0005s ]

[ 2018-03-28T15:37:08+08:00 ] ::1 /index.php?m=admin&c=login&a=check
INFO: [ app_begin ] --START--
INFO: Run Behavior\ReadHtmlCacheBehavior [ RunTime:0.000839s ]
INFO: [ app_begin ] --END-- [ RunTime:0.001423s ]
SQL: SHOW COLUMNS FROM `cms_admin` [ RunTime:0.0031s ]
SQL: SHOW COLUMNS FROM `cms_admin` [ RunTime:0.0022s ]
SQL: SELECT * FROM `cms_admin` WHERE ( username="jove" ) LIMIT 1   [ RunTime:0.0003s ]
SQL: UPDATE `cms_admin` SET `lastlogintime`='1522222628' WHERE ( admin_id=5 ) [ RunTime:0.0002s ]

[ 2018-03-28T15:37:08+08:00 ] ::1 /index.php?m=admin&c=login&a=check
INFO: [ app_begin ] --START--
INFO: Run Behavior\ReadHtmlCacheBehavior [ RunTime:0.000614s ]
INFO: [ app_begin ] --END-- [ RunTime:0.001101s ]
SQL: SHOW COLUMNS FROM `cms_admin` [ RunTime:0.0031s ]
SQL: SHOW COLUMNS FROM `cms_admin` [ RunTime:0.0027s ]
SQL: SELECT * FROM `cms_admin` WHERE ( username="jove" ) LIMIT 1   [ RunTime:0.0004s ]
SQL: UPDATE `cms_admin` SET `lastlogintime`='1522222628' WHERE ( admin_id=5 ) [ RunTime:0.0003s ]

[ 2018-03-28T15:37:08+08:00 ] ::1 /index.php?m=admin&c=login&a=check
INFO: [ app_begin ] --START--
INFO: Run Behavior\ReadHtmlCacheBehavior [ RunTime:0.000800s ]
INFO: [ app_begin ] --END-- [ RunTime:0.001470s ]
SQL: SHOW COLUMNS FROM `cms_admin` [ RunTime:0.0029s ]
SQL: SHOW COLUMNS FROM `cms_admin` [ RunTime:0.0023s ]
SQL: SELECT * FROM `cms_admin` WHERE ( username="jove" ) LIMIT 1   [ RunTime:0.0004s ]
SQL: UPDATE `cms_admin` SET `lastlogintime`='1522222628' WHERE ( admin_id=5 ) [ RunTime:0.0003s ]

[ 2018-03-28T15:37:08+08:00 ] ::1 /index.php?m=admin&c=login&a=check
INFO: [ app_begin ] --START--
INFO: Run Behavior\ReadHtmlCacheBehavior [ RunTime:0.000570s ]
INFO: [ app_begin ] --END-- [ RunTime:0.001001s ]
SQL: SHOW COLUMNS FROM `cms_admin` [ RunTime:0.0023s ]
SQL: SHOW COLUMNS FROM `cms_admin` [ RunTime:0.0020s ]
SQL: SELECT * FROM `cms_admin` WHERE ( username="jove" ) LIMIT 1   [ RunTime:0.0003s ]
SQL: UPDATE `cms_admin` SET `lastlogintime`='1522222628' WHERE ( admin_id=5 ) [ RunTime:0.0003s ]

[ 2018-03-28T15:41:39+08:00 ] ::1 /admin.php?c=admin&a=setStatus
INFO: [ app_begin ] --START--
INFO: Run Behavior\ReadHtmlCacheBehavior [ RunTime:0.000672s ]
INFO: [ app_begin ] --END-- [ RunTime:0.001149s ]
NOTIC: [2048] Declaration of Admin\Controller\AdminController::setStatus() should be compatible with Admin\Controller\CommonController::setStatus($data, $models) E:\wamp\wamp\www\News\Application\Admin\Controller\AdminController.class.php 第 10 行.
SQL: SHOW COLUMNS FROM `cms_admin` [ RunTime:0.0023s ]
SQL: SHOW COLUMNS FROM `cms_admin` [ RunTime:0.0020s ]
SQL: UPDATE `cms_admin` SET `status`='0' WHERE ( admin_id=4 ) [ RunTime:0.0003s ]

[ 2018-03-28T15:41:48+08:00 ] ::1 /admin.php?c=admin&a=setStatus
INFO: [ app_begin ] --START--
INFO: Run Behavior\ReadHtmlCacheBehavior [ RunTime:0.000986s ]
INFO: [ app_begin ] --END-- [ RunTime:0.001881s ]
NOTIC: [2048] Declaration of Admin\Controller\AdminController::setStatus() should be compatible with Admin\Controller\CommonController::setStatus($data, $models) E:\wamp\wamp\www\News\Application\Admin\Controller\AdminController.class.php 第 10 行.
SQL: SHOW COLUMNS FROM `cms_admin` [ RunTime:0.0025s ]
SQL: SHOW COLUMNS FROM `cms_admin` [ RunTime:0.0024s ]
SQL: UPDATE `cms_admin` SET `status`='0' WHERE ( admin_id=4 ) [ RunTime:0.0003s ]

[ 2018-03-28T15:42:50+08:00 ] ::1 /admin.php?c=admin&a=setStatus
INFO: [ app_begin ] --START--
INFO: Run Behavior\ReadHtmlCacheBehavior [ RunTime:0.001429s ]
INFO: [ app_begin ] --END-- [ RunTime:0.002123s ]
NOTIC: [2048] Declaration of Admin\Controller\AdminController::setStatus() should be compatible with Admin\Controller\CommonController::setStatus($data, $models) E:\wamp\wamp\www\News\Application\Admin\Controller\AdminController.class.php 第 10 行.
SQL: SHOW COLUMNS FROM `cms_admin` [ RunTime:0.0027s ]
SQL: SHOW COLUMNS FROM `cms_admin` [ RunTime:0.0023s ]
SQL: UPDATE `cms_admin` SET `status`='0' WHERE ( admin_id=4 ) [ RunTime:0.0003s ]

[ 2018-03-28T15:43:40+08:00 ] ::1 /admin.php?c=admin&a=setStatus
INFO: [ app_begin ] --START--
INFO: Run Behavior\ReadHtmlCacheBehavior [ RunTime:0.001307s ]
INFO: [ app_begin ] --END-- [ RunTime:0.002718s ]
NOTIC: [2048] Declaration of Admin\Controller\AdminController::setStatus() should be compatible with Admin\Controller\CommonController::setStatus($data, $models) E:\wamp\wamp\www\News\Application\Admin\Controller\AdminController.class.php 第 10 行.
SQL: SHOW COLUMNS FROM `cms_admin` [ RunTime:0.0023s ]
SQL: SHOW COLUMNS FROM `cms_admin` [ RunTime:0.0034s ]
SQL: UPDATE `cms_admin` SET `status`='0' WHERE ( admin_id=4 ) [ RunTime:0.0004s ]

[ 2018-03-28T15:49:16+08:00 ] ::1 /admin.php?c=admin&a=setStatus
INFO: [ app_begin ] --START--
INFO: Run Behavior\ReadHtmlCacheBehavior [ RunTime:0.000654s ]
INFO: [ app_begin ] --END-- [ RunTime:0.001127s ]
NOTIC: [2048] Declaration of Admin\Controller\AdminController::setStatus() should be compatible with Admin\Controller\CommonController::setStatus($data, $models) E:\wamp\wamp\www\News\Application\Admin\Controller\AdminController.class.php 第 10 行.
SQL: SHOW COLUMNS FROM `cms_admin` [ RunTime:0.0022s ]
SQL: SHOW COLUMNS FROM `cms_admin` [ RunTime:0.0030s ]
SQL: UPDATE `cms_admin` SET `status`='-1' WHERE ( admin_id=3 ) [ RunTime:0.0004s ]

[ 2018-03-28T15:50:19+08:00 ] ::1 /admin.php?c=admin&a=setStatus
INFO: [ app_begin ] --START--
INFO: Run Behavior\ReadHtmlCacheBehavior [ RunTime:0.001149s ]
INFO: [ app_begin ] --END-- [ RunTime:0.001761s ]
NOTIC: [2048] Declaration of Admin\Controller\AdminController::setStatus() should be compatible with Admin\Controller\CommonController::setStatus($data, $models) E:\wamp\wamp\www\News\Application\Admin\Controller\AdminController.class.php 第 10 行.
SQL: SHOW COLUMNS FROM `cms_admin` [ RunTime:0.0035s ]
SQL: SHOW COLUMNS FROM `cms_admin` [ RunTime:0.0023s ]

[ 2018-03-28T15:53:19+08:00 ] ::1 /admin.php?c=admin&a=setStatus
INFO: [ app_begin ] --START--
INFO: Run Behavior\ReadHtmlCacheBehavior [ RunTime:0.000806s ]
INFO: [ app_begin ] --END-- [ RunTime:0.001412s ]
NOTIC: [2048] Declaration of Admin\Controller\AdminController::setStatus() should be compatible with Admin\Controller\CommonController::setStatus($data, $models) E:\wamp\wamp\www\News\Application\Admin\Controller\AdminController.class.php 第 10 行.
SQL: SHOW COLUMNS FROM `cms_admin` [ RunTime:0.0022s ]
SQL: SHOW COLUMNS FROM `cms_admin` [ RunTime:0.0020s ]

[ 2018-03-28T15:53:45+08:00 ] ::1 /admin.php?c=admin&a=setStatus
INFO: [ app_begin ] --START--
INFO: Run Behavior\ReadHtmlCacheBehavior [ RunTime:0.000619s ]
INFO: [ app_begin ] --END-- [ RunTime:0.001126s ]
NOTIC: [2048] Declaration of Admin\Controller\AdminController::setStatus() should be compatible with Admin\Controller\CommonController::setStatus($data, $models) E:\wamp\wamp\www\News\Application\Admin\Controller\AdminController.class.php 第 10 行.
SQL: SHOW COLUMNS FROM `cms_admin` [ RunTime:0.0023s ]
SQL: SHOW COLUMNS FROM `cms_admin` [ RunTime:0.0029s ]
SQL: UPDATE `cms_admin` SET `status`='-1',`admin_id`='3' WHERE ( admin_id=3 ) [ RunTime:0.0004s ]

[ 2018-03-28T15:56:41+08:00 ] ::1 /admin.php?c=admin&a=setStatus
INFO: [ app_begin ] --START--
INFO: Run Behavior\ReadHtmlCacheBehavior [ RunTime:0.006211s ]
INFO: [ app_begin ] --END-- [ RunTime:0.007002s ]
NOTIC: [2048] Declaration of Admin\Controller\AdminController::setStatus() should be compatible with Admin\Controller\CommonController::setStatus($data, $models) E:\wamp\wamp\www\News\Application\Admin\Controller\AdminController.class.php 第 10 行.
SQL: SHOW COLUMNS FROM `cms_admin` [ RunTime:0.0033s ]
SQL: SHOW COLUMNS FROM `cms_admin` [ RunTime:0.0023s ]
SQL: UPDATE `cms_admin` SET `status`='-1',`admin_id`='3' WHERE ( admin_id=3 ) [ RunTime:0.0003s ]

[ 2018-03-28T16:01:44+08:00 ] ::1 /admin.php?c=admin&a=setStatus
INFO: [ app_begin ] --START--
INFO: Run Behavior\ReadHtmlCacheBehavior [ RunTime:0.001486s ]
INFO: [ app_begin ] --END-- [ RunTime:0.002295s ]
NOTIC: [2048] Declaration of Admin\Controller\AdminController::setStatus() should be compatible with Admin\Controller\CommonController::setStatus($data, $models) E:\wamp\wamp\www\News\Application\Admin\Controller\AdminController.class.php 第 10 行.
SQL: SHOW COLUMNS FROM `cms_admin` [ RunTime:0.0085s ]
SQL: SHOW COLUMNS FROM `cms_admin` [ RunTime:0.0022s ]
SQL: UPDATE `cms_admin` SET `status`='-1',`admin_id`='3' WHERE ( admin_id=3 ) [ RunTime:0.0003s ]

