[ 2018-03-27T13:34:57+08:00 ] ::1 /index.php?m=admin&c=login&a=check
INFO: [ app_begin ] --START--
INFO: Run Behavior\ReadHtmlCacheBehavior [ RunTime:0.000863s ]
INFO: [ app_begin ] --END-- [ RunTime:0.001431s ]
SQL: SHOW COLUMNS FROM `cms_admin` [ RunTime:0.1132s ]
SQL: SHOW COLUMNS FROM `cms_admin` [ RunTime:0.0021s ]
SQL: SELECT * FROM `cms_admin` WHERE ( username="admin" ) LIMIT 1   [ RunTime:0.0004s ]

[ 2018-03-27T13:35:33+08:00 ] ::1 /admin.php?c=image&a=kindupload&dir=image
ERR: 1146:Table 'imooc_singcms.cms_upload_image' doesn't exist
 [ SQL语句 ] : SHOW COLUMNS FROM `cms_upload_image`

[ 2018-03-27T13:41:22+08:00 ] ::1 /admin.php?c=image&a=kindupload&dir=image
ERR: 1146:Table 'imooc_singcms.cms_upload_image' doesn't exist
 [ SQL语句 ] : SHOW COLUMNS FROM `cms_upload_image`

[ 2018-03-27T13:41:36+08:00 ] ::1 /admin.php?c=image&a=kindupload&dir=image
ERR: 1146:Table 'imooc_singcms.cms_upload_image' doesn't exist
 [ SQL语句 ] : SHOW COLUMNS FROM `cms_upload_image`

[ 2018-03-27T13:42:09+08:00 ] ::1 /admin.php?c=content&a=add
INFO: [ app_begin ] --START--
INFO: Run Behavior\ReadHtmlCacheBehavior [ RunTime:0.000452s ]
INFO: [ app_begin ] --END-- [ RunTime:0.000784s ]
NOTIC: [2048] Declaration of Admin\Controller\ContentController::setStatus() should be compatible with Admin\Controller\CommonController::setStatus($data, $models) E:\wamp\wamp\www\News\Application\Admin\Controller\ContentController.class.php 第 5 行.
NOTIC: [2048] Declaration of Admin\Controller\ContentController::listorder() should be compatible with Admin\Controller\CommonController::listorder($model = '') E:\wamp\wamp\www\News\Application\Admin\Controller\ContentController.class.php 第 5 行.
NOTIC: [2048] Declaration of Common\Model\NewsModel::find() should be compatible with Think\Model::find($options = Array) E:\wamp\wamp\www\News\Application\Common\Model\NewsModel.class.php 第 9 行.
SQL: SHOW COLUMNS FROM `cms_news` [ RunTime:0.0023s ]
SQL: SHOW COLUMNS FROM `cms_news` [ RunTime:0.0023s ]
SQL: UPDATE `cms_news` SET `title`='重庆美女球迷争芳斗艳',`small_title`='重庆美女球迷争芳斗艳',`thumb`='/upload/2018/03/26/5ab8afe849f79.png',`title_font_color`='',`catid`='3',`copyfrom`='0',`description`='重庆美女球迷争芳斗艳',`keywords`='重庆美女 球迷 争芳斗艳' WHERE ( news_id=23 ) [ RunTime:0.0003s ]
NOTIC: [2048] Declaration of Common\Model\NewsContentModel::find() should be compatible with Think\Model::find($options = Array) E:\wamp\wamp\www\News\Application\Common\Model\NewsContentModel.class.php 第 43 行.
SQL: SHOW COLUMNS FROM `cms_news_content` [ RunTime:0.0023s ]
SQL: SHOW COLUMNS FROM `cms_news_content` [ RunTime:0.0023s ]
NOTIC: [8] Undefined index: contnet E:\wamp\wamp\www\News\Application\Common\Model\NewsContentModel.class.php 第 37 行.
SQL: UPDATE `cms_news_content` SET `content`='' WHERE ( news_id=23 ) [ RunTime:0.0003s ]

[ 2018-03-27T13:43:08+08:00 ] ::1 /admin.php?c=content&a=add
INFO: [ app_begin ] --START--
INFO: Run Behavior\ReadHtmlCacheBehavior [ RunTime:0.000454s ]
INFO: [ app_begin ] --END-- [ RunTime:0.000820s ]
NOTIC: [2048] Declaration of Admin\Controller\ContentController::setStatus() should be compatible with Admin\Controller\CommonController::setStatus($data, $models) E:\wamp\wamp\www\News\Application\Admin\Controller\ContentController.class.php 第 5 行.
NOTIC: [2048] Declaration of Admin\Controller\ContentController::listorder() should be compatible with Admin\Controller\CommonController::listorder($model = '') E:\wamp\wamp\www\News\Application\Admin\Controller\ContentController.class.php 第 5 行.
NOTIC: [2048] Declaration of Common\Model\NewsModel::find() should be compatible with Think\Model::find($options = Array) E:\wamp\wamp\www\News\Application\Common\Model\NewsModel.class.php 第 9 行.
SQL: SHOW COLUMNS FROM `cms_news` [ RunTime:0.0026s ]
SQL: SHOW COLUMNS FROM `cms_news` [ RunTime:0.0023s ]
SQL: UPDATE `cms_news` SET `title`='重庆美女球迷争芳斗艳',`small_title`='重庆美女球迷争芳斗艳',`thumb`='/upload/2018/03/26/5ab8afe849f79.png',`title_font_color`='',`catid`='3',`copyfrom`='0',`description`='重庆美女球迷争芳斗艳',`keywords`='重庆美女 球迷 争芳斗艳' WHERE ( news_id=23 ) [ RunTime:0.0004s ]
NOTIC: [2048] Declaration of Common\Model\NewsContentModel::find() should be compatible with Think\Model::find($options = Array) E:\wamp\wamp\www\News\Application\Common\Model\NewsContentModel.class.php 第 43 行.
SQL: SHOW COLUMNS FROM `cms_news_content` [ RunTime:0.0021s ]
SQL: SHOW COLUMNS FROM `cms_news_content` [ RunTime:0.0020s ]
NOTIC: [8] Undefined index: contnet E:\wamp\wamp\www\News\Application\Common\Model\NewsContentModel.class.php 第 37 行.
SQL: UPDATE `cms_news_content` SET `content`='' WHERE ( news_id=23 ) [ RunTime:0.0003s ]

[ 2018-03-27T13:43:24+08:00 ] ::1 /admin.php?c=content&a=add
INFO: [ app_begin ] --START--
INFO: Run Behavior\ReadHtmlCacheBehavior [ RunTime:0.000510s ]
INFO: [ app_begin ] --END-- [ RunTime:0.000918s ]
NOTIC: [2048] Declaration of Admin\Controller\ContentController::setStatus() should be compatible with Admin\Controller\CommonController::setStatus($data, $models) E:\wamp\wamp\www\News\Application\Admin\Controller\ContentController.class.php 第 5 行.
NOTIC: [2048] Declaration of Admin\Controller\ContentController::listorder() should be compatible with Admin\Controller\CommonController::listorder($model = '') E:\wamp\wamp\www\News\Application\Admin\Controller\ContentController.class.php 第 5 行.
NOTIC: [2048] Declaration of Common\Model\NewsModel::find() should be compatible with Think\Model::find($options = Array) E:\wamp\wamp\www\News\Application\Common\Model\NewsModel.class.php 第 9 行.
SQL: SHOW COLUMNS FROM `cms_news` [ RunTime:0.0031s ]
SQL: SHOW COLUMNS FROM `cms_news` [ RunTime:0.0023s ]
SQL: UPDATE `cms_news` SET `title`='重庆美女球迷争芳斗艳',`small_title`='重庆美女球迷争芳斗艳',`thumb`='/upload/2018/03/26/5ab8afe849f79.png',`title_font_color`='',`catid`='3',`copyfrom`='0',`description`='重庆美女球迷争芳斗艳',`keywords`='重庆美女 球迷 争芳斗艳' WHERE ( news_id=23 ) [ RunTime:0.0003s ]
NOTIC: [2048] Declaration of Common\Model\NewsContentModel::find() should be compatible with Think\Model::find($options = Array) E:\wamp\wamp\www\News\Application\Common\Model\NewsContentModel.class.php 第 43 行.
SQL: SHOW COLUMNS FROM `cms_news_content` [ RunTime:0.0031s ]
SQL: SHOW COLUMNS FROM `cms_news_content` [ RunTime:0.0026s ]
NOTIC: [8] Undefined index: contnet E:\wamp\wamp\www\News\Application\Common\Model\NewsContentModel.class.php 第 37 行.
SQL: UPDATE `cms_news_content` SET `content`='' WHERE ( news_id=23 ) [ RunTime:0.0004s ]

[ 2018-03-27T13:45:32+08:00 ] ::1 /admin.php?c=image&a=kindupload&dir=image
ERR: 1146:Table 'imooc_singcms.cms_upload_image' doesn't exist
 [ SQL语句 ] : SHOW COLUMNS FROM `cms_upload_image`

[ 2018-03-27T13:45:37+08:00 ] ::1 /admin.php?c=content&a=add
INFO: [ app_begin ] --START--
INFO: Run Behavior\ReadHtmlCacheBehavior [ RunTime:0.000786s ]
INFO: [ app_begin ] --END-- [ RunTime:0.001483s ]
NOTIC: [2048] Declaration of Admin\Controller\ContentController::setStatus() should be compatible with Admin\Controller\CommonController::setStatus($data, $models) E:\wamp\wamp\www\News\Application\Admin\Controller\ContentController.class.php 第 5 行.
NOTIC: [2048] Declaration of Admin\Controller\ContentController::listorder() should be compatible with Admin\Controller\CommonController::listorder($model = '') E:\wamp\wamp\www\News\Application\Admin\Controller\ContentController.class.php 第 5 行.
NOTIC: [2048] Declaration of Common\Model\NewsModel::find() should be compatible with Think\Model::find($options = Array) E:\wamp\wamp\www\News\Application\Common\Model\NewsModel.class.php 第 9 行.
SQL: SHOW COLUMNS FROM `cms_news` [ RunTime:0.0026s ]
SQL: SHOW COLUMNS FROM `cms_news` [ RunTime:0.0025s ]
SQL: UPDATE `cms_news` SET `title`='重庆美女球迷争芳斗艳',`small_title`='重庆美女球迷争芳斗艳',`thumb`='/upload/2018/03/26/5ab8afe849f79.png',`title_font_color`='',`catid`='3',`copyfrom`='0',`description`='重庆美女球迷争芳斗艳',`keywords`='重庆美女 球迷 争芳斗艳' WHERE ( news_id=23 ) [ RunTime:0.0003s ]
NOTIC: [2048] Declaration of Common\Model\NewsContentModel::find() should be compatible with Think\Model::find($options = Array) E:\wamp\wamp\www\News\Application\Common\Model\NewsContentModel.class.php 第 43 行.
SQL: SHOW COLUMNS FROM `cms_news_content` [ RunTime:0.0029s ]
SQL: SHOW COLUMNS FROM `cms_news_content` [ RunTime:0.0022s ]
NOTIC: [8] Undefined index: contnet E:\wamp\wamp\www\News\Application\Common\Model\NewsContentModel.class.php 第 37 行.
SQL: UPDATE `cms_news_content` SET `content`='' WHERE ( news_id=23 ) [ RunTime:0.0003s ]

[ 2018-03-27T14:04:06+08:00 ] ::1 /admin.php?c=content&a=add
INFO: [ app_begin ] --START--
INFO: Run Behavior\ReadHtmlCacheBehavior [ RunTime:0.001081s ]
INFO: [ app_begin ] --END-- [ RunTime:0.001747s ]
NOTIC: [2048] Declaration of Admin\Controller\ContentController::setStatus() should be compatible with Admin\Controller\CommonController::setStatus($data, $models) E:\wamp\wamp\www\News\Application\Admin\Controller\ContentController.class.php 第 5 行.
NOTIC: [2048] Declaration of Admin\Controller\ContentController::listorder() should be compatible with Admin\Controller\CommonController::listorder($model = '') E:\wamp\wamp\www\News\Application\Admin\Controller\ContentController.class.php 第 5 行.
NOTIC: [2048] Declaration of Common\Model\NewsModel::find() should be compatible with Think\Model::find($options = Array) E:\wamp\wamp\www\News\Application\Common\Model\NewsModel.class.php 第 9 行.
SQL: SHOW COLUMNS FROM `cms_news` [ RunTime:0.0026s ]
SQL: SHOW COLUMNS FROM `cms_news` [ RunTime:0.0027s ]
SQL: UPDATE `cms_news` SET `title`='重庆美女球迷争芳斗艳',`small_title`='重庆美女球迷争芳斗艳',`thumb`='/upload/2018/03/26/5ab8afe849f79.png',`title_font_color`='',`catid`='3',`copyfrom`='0',`description`='重庆美女球迷争芳斗艳',`keywords`='重庆美女 球迷 争芳斗艳' WHERE ( news_id=23 ) [ RunTime:0.0006s ]
NOTIC: [2048] Declaration of Common\Model\NewsContentModel::find() should be compatible with Think\Model::find($options = Array) E:\wamp\wamp\www\News\Application\Common\Model\NewsContentModel.class.php 第 43 行.
SQL: SHOW COLUMNS FROM `cms_news_content` [ RunTime:0.0044s ]
SQL: SHOW COLUMNS FROM `cms_news_content` [ RunTime:0.0043s ]
NOTIC: [8] Undefined index: contnet E:\wamp\wamp\www\News\Application\Common\Model\NewsContentModel.class.php 第 37 行.
SQL: UPDATE `cms_news_content` SET `content`='' WHERE ( news_id=23 ) [ RunTime:0.0006s ]

[ 2018-03-27T14:04:24+08:00 ] ::1 /admin.php?c=content&a=add
INFO: [ app_begin ] --START--
INFO: Run Behavior\ReadHtmlCacheBehavior [ RunTime:0.001041s ]
INFO: [ app_begin ] --END-- [ RunTime:0.001793s ]
NOTIC: [2048] Declaration of Admin\Controller\ContentController::setStatus() should be compatible with Admin\Controller\CommonController::setStatus($data, $models) E:\wamp\wamp\www\News\Application\Admin\Controller\ContentController.class.php 第 5 行.
NOTIC: [2048] Declaration of Admin\Controller\ContentController::listorder() should be compatible with Admin\Controller\CommonController::listorder($model = '') E:\wamp\wamp\www\News\Application\Admin\Controller\ContentController.class.php 第 5 行.

[ 2018-03-27T14:07:01+08:00 ] ::1 /admin.php?c=content&a=add
INFO: [ app_begin ] --START--
INFO: Run Behavior\ReadHtmlCacheBehavior [ RunTime:0.000790s ]
INFO: [ app_begin ] --END-- [ RunTime:0.001279s ]
NOTIC: [2048] Declaration of Admin\Controller\ContentController::setStatus() should be compatible with Admin\Controller\CommonController::setStatus($data, $models) E:\wamp\wamp\www\News\Application\Admin\Controller\ContentController.class.php 第 5 行.
NOTIC: [2048] Declaration of Admin\Controller\ContentController::listorder() should be compatible with Admin\Controller\CommonController::listorder($model = '') E:\wamp\wamp\www\News\Application\Admin\Controller\ContentController.class.php 第 5 行.
NOTIC: [2048] Declaration of Common\Model\NewsModel::find() should be compatible with Think\Model::find($options = Array) E:\wamp\wamp\www\News\Application\Common\Model\NewsModel.class.php 第 9 行.
SQL: SHOW COLUMNS FROM `cms_news` [ RunTime:0.0041s ]
SQL: SHOW COLUMNS FROM `cms_news` [ RunTime:0.0026s ]
SQL: UPDATE `cms_news` SET `title`='重庆美女球迷争芳斗艳',`small_title`='重庆美女球迷争芳斗艳',`thumb`='/upload/2018/03/26/5ab8afe849f79.png',`title_font_color`='',`catid`='3',`copyfrom`='0',`description`='重庆美女球迷争芳斗艳',`keywords`='重庆美女 球迷 争芳斗艳' WHERE ( news_id=23 ) [ RunTime:0.0004s ]
NOTIC: [2048] Declaration of Common\Model\NewsContentModel::find() should be compatible with Think\Model::find($options = Array) E:\wamp\wamp\www\News\Application\Common\Model\NewsContentModel.class.php 第 43 行.
SQL: SHOW COLUMNS FROM `cms_news_content` [ RunTime:0.0021s ]
SQL: SHOW COLUMNS FROM `cms_news_content` [ RunTime:0.0020s ]
NOTIC: [8] Undefined index: contnet E:\wamp\wamp\www\News\Application\Common\Model\NewsContentModel.class.php 第 37 行.
SQL: UPDATE `cms_news_content` SET `content`='' WHERE ( news_id=23 ) [ RunTime:0.0005s ]

[ 2018-03-27T14:08:17+08:00 ] ::1 /admin.php?c=content&a=add
INFO: [ app_begin ] --START--
INFO: Run Behavior\ReadHtmlCacheBehavior [ RunTime:0.001298s ]
INFO: [ app_begin ] --END-- [ RunTime:0.001932s ]
NOTIC: [2048] Declaration of Admin\Controller\ContentController::setStatus() should be compatible with Admin\Controller\CommonController::setStatus($data, $models) E:\wamp\wamp\www\News\Application\Admin\Controller\ContentController.class.php 第 5 行.
NOTIC: [2048] Declaration of Admin\Controller\ContentController::listorder() should be compatible with Admin\Controller\CommonController::listorder($model = '') E:\wamp\wamp\www\News\Application\Admin\Controller\ContentController.class.php 第 5 行.

[ 2018-03-27T14:17:45+08:00 ] ::1 /admin.php?c=content&a=add
INFO: [ app_begin ] --START--
INFO: Run Behavior\ReadHtmlCacheBehavior [ RunTime:0.000969s ]
INFO: [ app_begin ] --END-- [ RunTime:0.001561s ]
NOTIC: [2048] Declaration of Admin\Controller\ContentController::setStatus() should be compatible with Admin\Controller\CommonController::setStatus($data, $models) E:\wamp\wamp\www\News\Application\Admin\Controller\ContentController.class.php 第 5 行.
NOTIC: [2048] Declaration of Admin\Controller\ContentController::listorder() should be compatible with Admin\Controller\CommonController::listorder($model = '') E:\wamp\wamp\www\News\Application\Admin\Controller\ContentController.class.php 第 5 行.
NOTIC: [8] Undefined index: news_id E:\wamp\wamp\www\News\Application\Admin\Controller\ContentController.class.php 第 58 行.
NOTIC: [2048] Declaration of Common\Model\NewsModel::find() should be compatible with Think\Model::find($options = Array) E:\wamp\wamp\www\News\Application\Common\Model\NewsModel.class.php 第 9 行.
SQL: SHOW COLUMNS FROM `cms_news` [ RunTime:0.0029s ]
SQL: SHOW COLUMNS FROM `cms_news` [ RunTime:0.0025s ]

[ 2018-03-27T14:18:12+08:00 ] ::1 /admin.php?c=content&a=add
INFO: [ app_begin ] --START--
INFO: Run Behavior\ReadHtmlCacheBehavior [ RunTime:0.001221s ]
INFO: [ app_begin ] --END-- [ RunTime:0.001806s ]
NOTIC: [2048] Declaration of Admin\Controller\ContentController::setStatus() should be compatible with Admin\Controller\CommonController::setStatus($data, $models) E:\wamp\wamp\www\News\Application\Admin\Controller\ContentController.class.php 第 5 行.
NOTIC: [2048] Declaration of Admin\Controller\ContentController::listorder() should be compatible with Admin\Controller\CommonController::listorder($model = '') E:\wamp\wamp\www\News\Application\Admin\Controller\ContentController.class.php 第 5 行.
NOTIC: [8] Undefined index: news_id E:\wamp\wamp\www\News\Application\Admin\Controller\ContentController.class.php 第 58 行.
NOTIC: [2048] Declaration of Common\Model\NewsModel::find() should be compatible with Think\Model::find($options = Array) E:\wamp\wamp\www\News\Application\Common\Model\NewsModel.class.php 第 9 行.
SQL: SHOW COLUMNS FROM `cms_news` [ RunTime:0.0024s ]
SQL: SHOW COLUMNS FROM `cms_news` [ RunTime:0.0022s ]
SQL: INSERT INTO `cms_news` (`title`,`small_title`,`thumb`,`title_font_color`,`catid`,`copyfrom`,`description`,`keywords`,`create_time`,`username`) VALUES ('webSiteMenu','webSiteMenu','/upload/2018/03/27/5ab9e1fb39185.jpg','#5674ed','3','0','webSiteMenu','webSiteMenu','1522131492','admin') [ RunTime:0.0004s ]
NOTIC: [2048] Declaration of Common\Model\NewsContentModel::find() should be compatible with Think\Model::find($options = Array) E:\wamp\wamp\www\News\Application\Common\Model\NewsContentModel.class.php 第 43 行.
SQL: SHOW COLUMNS FROM `cms_news_content` [ RunTime:0.0021s ]
SQL: SHOW COLUMNS FROM `cms_news_content` [ RunTime:0.0024s ]
NOTIC: [8] Undefined index: contnet E:\wamp\wamp\www\News\Application\Common\Model\NewsContentModel.class.php 第 21 行.
SQL: INSERT INTO `cms_news_content` (`content`,`news_id`,`create_time`) VALUES ('','39','1522131492') [ RunTime:0.0004s ]

[ 2018-03-27T14:23:16+08:00 ] ::1 /admin.php?c=content&a=add
INFO: [ app_begin ] --START--
INFO: Run Behavior\ReadHtmlCacheBehavior [ RunTime:0.002070s ]
INFO: [ app_begin ] --END-- [ RunTime:0.002586s ]
NOTIC: [2048] Declaration of Admin\Controller\ContentController::setStatus() should be compatible with Admin\Controller\CommonController::setStatus($data, $models) E:\wamp\wamp\www\News\Application\Admin\Controller\ContentController.class.php 第 5 行.
NOTIC: [2048] Declaration of Admin\Controller\ContentController::listorder() should be compatible with Admin\Controller\CommonController::listorder($model = '') E:\wamp\wamp\www\News\Application\Admin\Controller\ContentController.class.php 第 5 行.
NOTIC: [2048] Declaration of Common\Model\NewsModel::find() should be compatible with Think\Model::find($options = Array) E:\wamp\wamp\www\News\Application\Common\Model\NewsModel.class.php 第 9 行.
SQL: SHOW COLUMNS FROM `cms_news` [ RunTime:0.0033s ]
SQL: SHOW COLUMNS FROM `cms_news` [ RunTime:0.0025s ]
SQL: UPDATE `cms_news` SET `title`='webSiteMenu',`small_title`='webSiteMenu',`thumb`='/upload/2018/03/27/5ab9e1fb39185.jpg',`title_font_color`='#5674ed',`catid`='3',`copyfrom`='0',`description`='webSiteMenu',`keywords`='webSiteMenu' WHERE ( news_id=39 ) [ RunTime:0.0004s ]
NOTIC: [2048] Declaration of Common\Model\NewsContentModel::find() should be compatible with Think\Model::find($options = Array) E:\wamp\wamp\www\News\Application\Common\Model\NewsContentModel.class.php 第 42 行.
SQL: SHOW COLUMNS FROM `cms_news_content` [ RunTime:0.0024s ]
NOTIC: [8] Undefined index: contnet E:\wamp\wamp\www\News\Application\Common\Model\NewsContentModel.class.php 第 36 行.
SQL: UPDATE `cms_news_content` SET `content`='' WHERE ( news_id=39 ) [ RunTime:0.0003s ]

[ 2018-03-27T14:27:00+08:00 ] ::1 /admin.php?c=content&a=add
INFO: [ app_begin ] --START--
INFO: Run Behavior\ReadHtmlCacheBehavior [ RunTime:0.000768s ]
INFO: [ app_begin ] --END-- [ RunTime:0.001266s ]
NOTIC: [2048] Declaration of Admin\Controller\ContentController::setStatus() should be compatible with Admin\Controller\CommonController::setStatus($data, $models) E:\wamp\wamp\www\News\Application\Admin\Controller\ContentController.class.php 第 5 行.
NOTIC: [2048] Declaration of Admin\Controller\ContentController::listorder() should be compatible with Admin\Controller\CommonController::listorder($model = '') E:\wamp\wamp\www\News\Application\Admin\Controller\ContentController.class.php 第 5 行.
NOTIC: [2048] Declaration of Common\Model\NewsModel::find() should be compatible with Think\Model::find($options = Array) E:\wamp\wamp\www\News\Application\Common\Model\NewsModel.class.php 第 9 行.
SQL: SHOW COLUMNS FROM `cms_news` [ RunTime:0.0054s ]
SQL: SHOW COLUMNS FROM `cms_news` [ RunTime:0.0031s ]
SQL: UPDATE `cms_news` SET `title`='重庆美女球迷争芳斗艳',`small_title`='重庆美女球迷争芳斗艳',`thumb`='/upload/2018/03/26/5ab8afe849f79.png',`title_font_color`='',`catid`='3',`copyfrom`='0',`description`='重庆美女球迷争芳斗艳',`keywords`='重庆美女 球迷 争芳斗艳' WHERE ( news_id=23 ) [ RunTime:0.0004s ]
NOTIC: [2048] Declaration of Common\Model\NewsContentModel::find() should be compatible with Think\Model::find($options = Array) E:\wamp\wamp\www\News\Application\Common\Model\NewsContentModel.class.php 第 43 行.
SQL: SHOW COLUMNS FROM `cms_news_content` [ RunTime:0.0028s ]
NOTIC: [8] Undefined index: contnet E:\wamp\wamp\www\News\Application\Common\Model\NewsContentModel.class.php 第 37 行.
SQL: UPDATE `cms_news_content` SET `content`='' WHERE ( news_id=23 ) [ RunTime:0.0005s ]

[ 2018-03-27T14:27:16+08:00 ] ::1 /admin.php?c=content&a=add
INFO: [ app_begin ] --START--
INFO: Run Behavior\ReadHtmlCacheBehavior [ RunTime:0.000857s ]
INFO: [ app_begin ] --END-- [ RunTime:0.001374s ]
NOTIC: [2048] Declaration of Admin\Controller\ContentController::setStatus() should be compatible with Admin\Controller\CommonController::setStatus($data, $models) E:\wamp\wamp\www\News\Application\Admin\Controller\ContentController.class.php 第 5 行.
NOTIC: [2048] Declaration of Admin\Controller\ContentController::listorder() should be compatible with Admin\Controller\CommonController::listorder($model = '') E:\wamp\wamp\www\News\Application\Admin\Controller\ContentController.class.php 第 5 行.
NOTIC: [2048] Declaration of Common\Model\NewsModel::find() should be compatible with Think\Model::find($options = Array) E:\wamp\wamp\www\News\Application\Common\Model\NewsModel.class.php 第 9 行.
SQL: SHOW COLUMNS FROM `cms_news` [ RunTime:0.0026s ]
SQL: SHOW COLUMNS FROM `cms_news` [ RunTime:0.0024s ]
SQL: UPDATE `cms_news` SET `title`='重庆美女球迷争芳斗艳',`small_title`='重庆美女球迷争芳斗艳',`thumb`='/upload/2018/03/26/5ab8afe849f79.png',`title_font_color`='',`catid`='3',`copyfrom`='0',`description`='重庆美女球迷争芳斗艳',`keywords`='重庆美女 球迷 争芳斗艳' WHERE ( news_id=23 ) [ RunTime:0.0004s ]
NOTIC: [2048] Declaration of Common\Model\NewsContentModel::find() should be compatible with Think\Model::find($options = Array) E:\wamp\wamp\www\News\Application\Common\Model\NewsContentModel.class.php 第 43 行.
SQL: SHOW COLUMNS FROM `cms_news_content` [ RunTime:0.0022s ]
NOTIC: [8] Undefined index: contnet E:\wamp\wamp\www\News\Application\Common\Model\NewsContentModel.class.php 第 37 行.
SQL: UPDATE `cms_news_content` SET `content`='' WHERE ( news_id=23 ) [ RunTime:0.0003s ]

[ 2018-03-27T14:27:48+08:00 ] ::1 /admin.php?c=content&a=add
INFO: [ app_begin ] --START--
INFO: Run Behavior\ReadHtmlCacheBehavior [ RunTime:0.000757s ]
INFO: [ app_begin ] --END-- [ RunTime:0.001212s ]
NOTIC: [2048] Declaration of Admin\Controller\ContentController::setStatus() should be compatible with Admin\Controller\CommonController::setStatus($data, $models) E:\wamp\wamp\www\News\Application\Admin\Controller\ContentController.class.php 第 5 行.
NOTIC: [2048] Declaration of Admin\Controller\ContentController::listorder() should be compatible with Admin\Controller\CommonController::listorder($model = '') E:\wamp\wamp\www\News\Application\Admin\Controller\ContentController.class.php 第 5 行.
NOTIC: [2048] Declaration of Common\Model\NewsModel::find() should be compatible with Think\Model::find($options = Array) E:\wamp\wamp\www\News\Application\Common\Model\NewsModel.class.php 第 9 行.
SQL: SHOW COLUMNS FROM `cms_news` [ RunTime:0.0040s ]
SQL: SHOW COLUMNS FROM `cms_news` [ RunTime:0.0057s ]
SQL: UPDATE `cms_news` SET `title`='重庆美女球迷争芳斗艳',`small_title`='重庆美女球迷争芳斗艳',`thumb`='/upload/2018/03/26/5ab8afe849f79.png',`title_font_color`='',`catid`='3',`copyfrom`='0',`description`='重庆美女球迷争芳斗艳',`keywords`='重庆美女 球迷 争芳斗艳' WHERE ( news_id=23 ) [ RunTime:0.0006s ]
NOTIC: [2048] Declaration of Common\Model\NewsContentModel::find() should be compatible with Think\Model::find($options = Array) E:\wamp\wamp\www\News\Application\Common\Model\NewsContentModel.class.php 第 43 行.
SQL: SHOW COLUMNS FROM `cms_news_content` [ RunTime:0.0029s ]
NOTIC: [8] Undefined index: contnet E:\wamp\wamp\www\News\Application\Common\Model\NewsContentModel.class.php 第 37 行.
SQL: UPDATE `cms_news_content` SET `content`='' WHERE ( news_id=23 ) [ RunTime:0.0007s ]

[ 2018-03-27T14:28:40+08:00 ] ::1 /admin.php?c=content&a=add
INFO: [ app_begin ] --START--
INFO: Run Behavior\ReadHtmlCacheBehavior [ RunTime:0.000730s ]
INFO: [ app_begin ] --END-- [ RunTime:0.001213s ]
NOTIC: [2048] Declaration of Admin\Controller\ContentController::setStatus() should be compatible with Admin\Controller\CommonController::setStatus($data, $models) E:\wamp\wamp\www\News\Application\Admin\Controller\ContentController.class.php 第 5 行.
NOTIC: [2048] Declaration of Admin\Controller\ContentController::listorder() should be compatible with Admin\Controller\CommonController::listorder($model = '') E:\wamp\wamp\www\News\Application\Admin\Controller\ContentController.class.php 第 5 行.

[ 2018-03-27T14:30:41+08:00 ] ::1 /admin.php?c=content&a=add
INFO: [ app_begin ] --START--
INFO: Run Behavior\ReadHtmlCacheBehavior [ RunTime:0.000975s ]
INFO: [ app_begin ] --END-- [ RunTime:0.001534s ]
NOTIC: [2048] Declaration of Admin\Controller\ContentController::setStatus() should be compatible with Admin\Controller\CommonController::setStatus($data, $models) E:\wamp\wamp\www\News\Application\Admin\Controller\ContentController.class.php 第 5 行.
NOTIC: [2048] Declaration of Admin\Controller\ContentController::listorder() should be compatible with Admin\Controller\CommonController::listorder($model = '') E:\wamp\wamp\www\News\Application\Admin\Controller\ContentController.class.php 第 5 行.
NOTIC: [2048] Declaration of Common\Model\NewsModel::find() should be compatible with Think\Model::find($options = Array) E:\wamp\wamp\www\News\Application\Common\Model\NewsModel.class.php 第 9 行.
SQL: SHOW COLUMNS FROM `cms_news` [ RunTime:0.0022s ]
SQL: SHOW COLUMNS FROM `cms_news` [ RunTime:0.0023s ]
SQL: UPDATE `cms_news` SET `title`='重庆美女球迷争芳斗艳',`small_title`='重庆美女球迷争芳斗艳',`thumb`='/upload/2018/03/26/5ab8afe849f79.png',`title_font_color`='',`catid`='3',`copyfrom`='0',`description`='重庆美女球迷争芳斗艳',`keywords`='重庆美女 球迷 争芳斗艳' WHERE ( news_id=23 ) [ RunTime:0.0007s ]

[ 2018-03-27T14:32:49+08:00 ] ::1 /admin.php?c=content&a=add
INFO: [ app_begin ] --START--
INFO: Run Behavior\ReadHtmlCacheBehavior [ RunTime:0.001133s ]
INFO: [ app_begin ] --END-- [ RunTime:0.001874s ]
NOTIC: [2048] Declaration of Admin\Controller\ContentController::setStatus() should be compatible with Admin\Controller\CommonController::setStatus($data, $models) E:\wamp\wamp\www\News\Application\Admin\Controller\ContentController.class.php 第 5 行.
NOTIC: [2048] Declaration of Admin\Controller\ContentController::listorder() should be compatible with Admin\Controller\CommonController::listorder($model = '') E:\wamp\wamp\www\News\Application\Admin\Controller\ContentController.class.php 第 5 行.
NOTIC: [2048] Declaration of Common\Model\NewsModel::find() should be compatible with Think\Model::find($options = Array) E:\wamp\wamp\www\News\Application\Common\Model\NewsModel.class.php 第 9 行.
SQL: SHOW COLUMNS FROM `cms_news` [ RunTime:0.0027s ]
SQL: SHOW COLUMNS FROM `cms_news` [ RunTime:0.0027s ]
SQL: UPDATE `cms_news` SET `title`='重庆美女球迷争芳斗艳',`small_title`='重庆美女球迷争芳斗艳',`thumb`='/upload/2018/03/26/5ab8afe849f79.png',`title_font_color`='',`catid`='3',`copyfrom`='0',`description`='重庆美女球迷争芳斗艳',`keywords`='重庆美女 球迷 争芳斗艳' WHERE ( news_id=23 ) [ RunTime:0.0003s ]

[ 2018-03-27T14:33:01+08:00 ] ::1 /admin.php?c=content&a=add
INFO: [ app_begin ] --START--
INFO: Run Behavior\ReadHtmlCacheBehavior [ RunTime:0.000899s ]
INFO: [ app_begin ] --END-- [ RunTime:0.002089s ]
NOTIC: [2048] Declaration of Admin\Controller\ContentController::setStatus() should be compatible with Admin\Controller\CommonController::setStatus($data, $models) E:\wamp\wamp\www\News\Application\Admin\Controller\ContentController.class.php 第 5 行.
NOTIC: [2048] Declaration of Admin\Controller\ContentController::listorder() should be compatible with Admin\Controller\CommonController::listorder($model = '') E:\wamp\wamp\www\News\Application\Admin\Controller\ContentController.class.php 第 5 行.
NOTIC: [2048] Declaration of Common\Model\NewsModel::find() should be compatible with Think\Model::find($options = Array) E:\wamp\wamp\www\News\Application\Common\Model\NewsModel.class.php 第 9 行.
SQL: SHOW COLUMNS FROM `cms_news` [ RunTime:0.0023s ]
SQL: SHOW COLUMNS FROM `cms_news` [ RunTime:0.0022s ]
SQL: UPDATE `cms_news` SET `title`='重庆美女球迷争芳斗艳',`small_title`='重庆美女球迷争芳斗艳',`thumb`='/upload/2018/03/26/5ab8afe849f79.png',`title_font_color`='',`catid`='3',`copyfrom`='0',`description`='重庆美女球迷争芳斗艳',`keywords`='重庆美女 球迷 争芳斗艳' WHERE ( news_id=23 ) [ RunTime:0.0004s ]
NOTIC: [2048] Declaration of Common\Model\NewsContentModel::find() should be compatible with Think\Model::find($options = Array) E:\wamp\wamp\www\News\Application\Common\Model\NewsContentModel.class.php 第 44 行.
SQL: SHOW COLUMNS FROM `cms_news_content` [ RunTime:0.0023s ]

[ 2018-03-27T14:33:36+08:00 ] ::1 /admin.php?c=content&a=add
INFO: [ app_begin ] --START--
INFO: Run Behavior\ReadHtmlCacheBehavior [ RunTime:0.000842s ]
INFO: [ app_begin ] --END-- [ RunTime:0.001885s ]
NOTIC: [2048] Declaration of Admin\Controller\ContentController::setStatus() should be compatible with Admin\Controller\CommonController::setStatus($data, $models) E:\wamp\wamp\www\News\Application\Admin\Controller\ContentController.class.php 第 5 行.
NOTIC: [2048] Declaration of Admin\Controller\ContentController::listorder() should be compatible with Admin\Controller\CommonController::listorder($model = '') E:\wamp\wamp\www\News\Application\Admin\Controller\ContentController.class.php 第 5 行.
NOTIC: [2048] Declaration of Common\Model\NewsModel::find() should be compatible with Think\Model::find($options = Array) E:\wamp\wamp\www\News\Application\Common\Model\NewsModel.class.php 第 9 行.
SQL: SHOW COLUMNS FROM `cms_news` [ RunTime:0.0028s ]
SQL: SHOW COLUMNS FROM `cms_news` [ RunTime:0.0021s ]
SQL: UPDATE `cms_news` SET `title`='重庆美女球迷争芳斗艳',`small_title`='重庆美女球迷争芳斗艳',`thumb`='/upload/2018/03/26/5ab8afe849f79.png',`title_font_color`='',`catid`='3',`copyfrom`='0',`description`='重庆美女球迷争芳斗艳',`keywords`='重庆美女 球迷 争芳斗艳' WHERE ( news_id=23 ) [ RunTime:0.0003s ]
NOTIC: [2048] Declaration of Common\Model\NewsContentModel::find() should be compatible with Think\Model::find($options = Array) E:\wamp\wamp\www\News\Application\Common\Model\NewsContentModel.class.php 第 44 行.
SQL: SHOW COLUMNS FROM `cms_news_content` [ RunTime:0.0020s ]
NOTIC: [8] Undefined index: contnet E:\wamp\wamp\www\News\Application\Common\Model\NewsContentModel.class.php 第 37 行.

[ 2018-03-27T14:34:53+08:00 ] ::1 /admin.php?c=content&a=add
INFO: [ app_begin ] --START--
INFO: Run Behavior\ReadHtmlCacheBehavior [ RunTime:0.001195s ]
INFO: [ app_begin ] --END-- [ RunTime:0.002198s ]
NOTIC: [2048] Declaration of Admin\Controller\ContentController::setStatus() should be compatible with Admin\Controller\CommonController::setStatus($data, $models) E:\wamp\wamp\www\News\Application\Admin\Controller\ContentController.class.php 第 5 行.
NOTIC: [2048] Declaration of Admin\Controller\ContentController::listorder() should be compatible with Admin\Controller\CommonController::listorder($model = '') E:\wamp\wamp\www\News\Application\Admin\Controller\ContentController.class.php 第 5 行.
NOTIC: [2048] Declaration of Common\Model\NewsModel::find() should be compatible with Think\Model::find($options = Array) E:\wamp\wamp\www\News\Application\Common\Model\NewsModel.class.php 第 9 行.
SQL: SHOW COLUMNS FROM `cms_news` [ RunTime:0.0026s ]
SQL: SHOW COLUMNS FROM `cms_news` [ RunTime:0.0023s ]
SQL: UPDATE `cms_news` SET `title`='重庆美女球迷争芳斗艳',`small_title`='重庆美女球迷争芳斗艳',`thumb`='/upload/2018/03/26/5ab8afe849f79.png',`title_font_color`='',`catid`='3',`copyfrom`='0',`description`='重庆美女球迷争芳斗艳',`keywords`='重庆美女 球迷 争芳斗艳' WHERE ( news_id=23 ) [ RunTime:0.0004s ]
NOTIC: [2048] Declaration of Common\Model\NewsContentModel::find() should be compatible with Think\Model::find($options = Array) E:\wamp\wamp\www\News\Application\Common\Model\NewsContentModel.class.php 第 44 行.
SQL: SHOW COLUMNS FROM `cms_news_content` [ RunTime:0.0028s ]
NOTIC: [8] Undefined index: contnet E:\wamp\wamp\www\News\Application\Common\Model\NewsContentModel.class.php 第 37 行.

[ 2018-03-27T14:35:31+08:00 ] ::1 /admin.php?c=content&a=add
INFO: [ app_begin ] --START--
INFO: Run Behavior\ReadHtmlCacheBehavior [ RunTime:0.001454s ]
INFO: [ app_begin ] --END-- [ RunTime:0.002506s ]
NOTIC: [2048] Declaration of Admin\Controller\ContentController::setStatus() should be compatible with Admin\Controller\CommonController::setStatus($data, $models) E:\wamp\wamp\www\News\Application\Admin\Controller\ContentController.class.php 第 5 行.
NOTIC: [2048] Declaration of Admin\Controller\ContentController::listorder() should be compatible with Admin\Controller\CommonController::listorder($model = '') E:\wamp\wamp\www\News\Application\Admin\Controller\ContentController.class.php 第 5 行.
NOTIC: [2048] Declaration of Common\Model\NewsModel::find() should be compatible with Think\Model::find($options = Array) E:\wamp\wamp\www\News\Application\Common\Model\NewsModel.class.php 第 9 行.
SQL: SHOW COLUMNS FROM `cms_news` [ RunTime:0.0024s ]
SQL: SHOW COLUMNS FROM `cms_news` [ RunTime:0.0031s ]
SQL: UPDATE `cms_news` SET `title`='重庆美女球迷争芳斗艳',`small_title`='重庆美女球迷争芳斗艳',`thumb`='/upload/2018/03/26/5ab8afe849f79.png',`title_font_color`='',`catid`='3',`copyfrom`='0',`description`='重庆美女球迷争芳斗艳',`keywords`='重庆美女 球迷 争芳斗艳' WHERE ( news_id=23 ) [ RunTime:0.0004s ]
NOTIC: [2048] Declaration of Common\Model\NewsContentModel::find() should be compatible with Think\Model::find($options = Array) E:\wamp\wamp\www\News\Application\Common\Model\NewsContentModel.class.php 第 44 行.
SQL: SHOW COLUMNS FROM `cms_news_content` [ RunTime:0.0023s ]
NOTIC: [8] Undefined index: contnet E:\wamp\wamp\www\News\Application\Common\Model\NewsContentModel.class.php 第 37 行.

[ 2018-03-27T14:36:26+08:00 ] ::1 /admin.php?c=content&a=add
INFO: [ app_begin ] --START--
INFO: Run Behavior\ReadHtmlCacheBehavior [ RunTime:0.001012s ]
INFO: [ app_begin ] --END-- [ RunTime:0.001629s ]
NOTIC: [2048] Declaration of Admin\Controller\ContentController::setStatus() should be compatible with Admin\Controller\CommonController::setStatus($data, $models) E:\wamp\wamp\www\News\Application\Admin\Controller\ContentController.class.php 第 5 行.
NOTIC: [2048] Declaration of Admin\Controller\ContentController::listorder() should be compatible with Admin\Controller\CommonController::listorder($model = '') E:\wamp\wamp\www\News\Application\Admin\Controller\ContentController.class.php 第 5 行.
NOTIC: [2048] Declaration of Common\Model\NewsModel::find() should be compatible with Think\Model::find($options = Array) E:\wamp\wamp\www\News\Application\Common\Model\NewsModel.class.php 第 9 行.
SQL: SHOW COLUMNS FROM `cms_news` [ RunTime:0.0026s ]
SQL: SHOW COLUMNS FROM `cms_news` [ RunTime:0.0029s ]
SQL: UPDATE `cms_news` SET `title`='重庆美女球迷争芳斗艳',`small_title`='重庆美女球迷争芳斗艳',`thumb`='/upload/2018/03/26/5ab8afe849f79.png',`title_font_color`='',`catid`='3',`copyfrom`='0',`description`='重庆美女球迷争芳斗艳',`keywords`='重庆美女 球迷 争芳斗艳' WHERE ( news_id=23 ) [ RunTime:0.0004s ]
NOTIC: [2048] Declaration of Common\Model\NewsContentModel::find() should be compatible with Think\Model::find($options = Array) E:\wamp\wamp\www\News\Application\Common\Model\NewsContentModel.class.php 第 43 行.
SQL: SHOW COLUMNS FROM `cms_news_content` [ RunTime:0.0023s ]
SQL: UPDATE `cms_news_content` SET `content`='123' WHERE ( news_id=23 ) [ RunTime:0.0003s ]

[ 2018-03-27T14:36:48+08:00 ] ::1 /admin.php?c=content&a=add
INFO: [ app_begin ] --START--
INFO: Run Behavior\ReadHtmlCacheBehavior [ RunTime:0.000711s ]
INFO: [ app_begin ] --END-- [ RunTime:0.001165s ]
NOTIC: [2048] Declaration of Admin\Controller\ContentController::setStatus() should be compatible with Admin\Controller\CommonController::setStatus($data, $models) E:\wamp\wamp\www\News\Application\Admin\Controller\ContentController.class.php 第 5 行.
NOTIC: [2048] Declaration of Admin\Controller\ContentController::listorder() should be compatible with Admin\Controller\CommonController::listorder($model = '') E:\wamp\wamp\www\News\Application\Admin\Controller\ContentController.class.php 第 5 行.
NOTIC: [2048] Declaration of Common\Model\NewsModel::find() should be compatible with Think\Model::find($options = Array) E:\wamp\wamp\www\News\Application\Common\Model\NewsModel.class.php 第 9 行.
SQL: SHOW COLUMNS FROM `cms_news` [ RunTime:0.0035s ]
SQL: SHOW COLUMNS FROM `cms_news` [ RunTime:0.0030s ]
SQL: UPDATE `cms_news` SET `title`='重庆美女球迷争芳斗艳',`small_title`='重庆美女球迷争芳斗艳',`thumb`='/upload/2018/03/26/5ab8afe849f79.png',`title_font_color`='',`catid`='3',`copyfrom`='0',`description`='重庆美女球迷争芳斗艳',`keywords`='重庆美女 球迷 争芳斗艳' WHERE ( news_id=23 ) [ RunTime:0.0008s ]
NOTIC: [2048] Declaration of Common\Model\NewsContentModel::find() should be compatible with Think\Model::find($options = Array) E:\wamp\wamp\www\News\Application\Common\Model\NewsContentModel.class.php 第 43 行.
SQL: SHOW COLUMNS FROM `cms_news_content` [ RunTime:0.0025s ]
SQL: UPDATE `cms_news_content` SET `content`='重庆美女球迷争芳斗艳重庆美女球迷争芳斗艳重庆美女球迷争芳斗艳重庆美女球迷争芳斗艳重庆美女球迷争芳斗艳重庆美女球迷争芳斗艳&lt;img src=&quot;/upload/2018/03/27/5ab9e67eb069a.jpg&quot; alt=&quot;&quot; /&gt;' WHERE ( news_id=23 ) [ RunTime:0.0005s ]

[ 2018-03-27T14:56:56+08:00 ] ::1 /admin.php?c=content&a=add
INFO: [ app_begin ] --START--
INFO: Run Behavior\ReadHtmlCacheBehavior [ RunTime:0.000653s ]
INFO: [ app_begin ] --END-- [ RunTime:0.001073s ]
NOTIC: [2048] Declaration of Admin\Controller\ContentController::setStatus() should be compatible with Admin\Controller\CommonController::setStatus($data, $models) E:\wamp\wamp\www\News\Application\Admin\Controller\ContentController.class.php 第 5 行.
NOTIC: [2048] Declaration of Admin\Controller\ContentController::listorder() should be compatible with Admin\Controller\CommonController::listorder($model = '') E:\wamp\wamp\www\News\Application\Admin\Controller\ContentController.class.php 第 5 行.
NOTIC: [2048] Declaration of Common\Model\NewsModel::find() should be compatible with Think\Model::find($options = Array) E:\wamp\wamp\www\News\Application\Common\Model\NewsModel.class.php 第 9 行.
SQL: SHOW COLUMNS FROM `cms_news` [ RunTime:0.0023s ]
SQL: SHOW COLUMNS FROM `cms_news` [ RunTime:0.0022s ]
SQL: UPDATE `cms_news` SET `title`='webSiteMenu',`small_title`='webSiteMenu',`thumb`='/upload/2018/03/27/5ab9e1fb39185.jpg',`title_font_color`='#5674ed',`catid`='3',`copyfrom`='0',`description`='webSiteMenu',`keywords`='webSiteMenu' WHERE ( news_id=39 ) [ RunTime:0.0004s ]
NOTIC: [2048] Declaration of Common\Model\NewsContentModel::find() should be compatible with Think\Model::find($options = Array) E:\wamp\wamp\www\News\Application\Common\Model\NewsContentModel.class.php 第 43 行.
SQL: SHOW COLUMNS FROM `cms_news_content` [ RunTime:0.0022s ]
SQL: UPDATE `cms_news_content` SET `content`='content' WHERE ( news_id=39 ) [ RunTime:0.0003s ]

[ 2018-03-27T15:58:58+08:00 ] ::1 /admin.php?c=cache
ERR: 无法加载控制器:Cache

[ 2018-03-27T16:01:56+08:00 ] ::1 /admin.php?c=cache
ERR: 非法操作:index

[ 2018-03-27T16:02:11+08:00 ] ::1 /admin.php?c=cache
ERR: 模板不存在:./Application/Admin/View/Cache/index.html

[ 2018-03-27T16:07:08+08:00 ] ::1 /admin.php?c=cache
ERR: 无法加载控制器:Cache

[ 2018-03-27T16:07:32+08:00 ] ::1 /admin.php?c=cache
ERR: 无法加载控制器:Cache

[ 2018-03-27T16:07:33+08:00 ] ::1 /admin.php?c=cache
ERR: 无法加载控制器:Cache

[ 2018-03-27T16:07:33+08:00 ] ::1 /admin.php?c=cache
ERR: 无法加载控制器:Cache

[ 2018-03-27T16:07:33+08:00 ] ::1 /admin.php?c=cache
ERR: 无法加载控制器:Cache

[ 2018-03-27T16:08:50+08:00 ] ::1 /admin.php?c=cache
ERR: 无法加载控制器:Cache

[ 2018-03-27T16:08:51+08:00 ] ::1 /admin.php?c=cache
ERR: 无法加载控制器:Cache

[ 2018-03-27T16:08:51+08:00 ] ::1 /admin.php?c=cache
ERR: 无法加载控制器:Cache

[ 2018-03-27T16:08:51+08:00 ] ::1 /admin.php?c=cache
ERR: 无法加载控制器:Cache

[ 2018-03-27T16:08:52+08:00 ] ::1 /admin.php?c=cache
ERR: 无法加载控制器:Cache

[ 2018-03-27T16:08:52+08:00 ] ::1 /admin.php?c=cache
ERR: 无法加载控制器:Cache

[ 2018-03-27T16:08:58+08:00 ] ::1 /admin.php?c=cache
ERR: 无法加载控制器:Cache

[ 2018-03-27T16:09:17+08:00 ] ::1 /admin.php?c=cache
ERR: 无法加载控制器:Cache

[ 2018-03-27T16:39:05+08:00 ] ::1 /admin.php?c=positioncontent&a=add
INFO: [ app_begin ] --START--
INFO: Run Behavior\ReadHtmlCacheBehavior [ RunTime:0.000887s ]
INFO: [ app_begin ] --END-- [ RunTime:0.001290s ]
NOTIC: [2048] Declaration of Admin\Controller\PositioncontentController::setStatus() should be compatible with Admin\Controller\CommonController::setStatus($data, $models) E:\wamp\wamp\www\News\Application\Admin\Controller\PositioncontentController.class.php 第 5 行.
NOTIC: [2048] Declaration of Admin\Controller\PositioncontentController::listorder() should be compatible with Admin\Controller\CommonController::listorder($model = '') E:\wamp\wamp\www\News\Application\Admin\Controller\PositioncontentController.class.php 第 5 行.
NOTIC: [2048] Declaration of Common\Model\PositionContentModel::find() should be compatible with Think\Model::find($options = Array) E:\wamp\wamp\www\News\Application\Common\Model\PositionContentModel.class.php 第 9 行.
SQL: SHOW COLUMNS FROM `cms_position_content` [ RunTime:0.0023s ]
SQL: SHOW COLUMNS FROM `cms_position_content` [ RunTime:0.0020s ]
SQL: UPDATE `cms_position_content` SET `title`='singwa老师教您如何学PHP',`position_id`='5',`thumb`='/upload/2018/03/27/5aba0322e929d.jpg',`url`='http://t.imooc.com/space/teacher/id/255838',`news_id`='0',`status`='1' WHERE ( id=33 ) [ RunTime:0.0004s ]

[ 2018-03-27T16:39:18+08:00 ] ::1 /admin.php?c=positioncontent&a=add
INFO: [ app_begin ] --START--
INFO: Run Behavior\ReadHtmlCacheBehavior [ RunTime:0.000857s ]
INFO: [ app_begin ] --END-- [ RunTime:0.001260s ]
NOTIC: [2048] Declaration of Admin\Controller\PositioncontentController::setStatus() should be compatible with Admin\Controller\CommonController::setStatus($data, $models) E:\wamp\wamp\www\News\Application\Admin\Controller\PositioncontentController.class.php 第 5 行.
NOTIC: [2048] Declaration of Admin\Controller\PositioncontentController::listorder() should be compatible with Admin\Controller\CommonController::listorder($model = '') E:\wamp\wamp\www\News\Application\Admin\Controller\PositioncontentController.class.php 第 5 行.
NOTIC: [2048] Declaration of Common\Model\PositionContentModel::find() should be compatible with Think\Model::find($options = Array) E:\wamp\wamp\www\News\Application\Common\Model\PositionContentModel.class.php 第 9 行.
SQL: SHOW COLUMNS FROM `cms_position_content` [ RunTime:0.0029s ]
SQL: SHOW COLUMNS FROM `cms_position_content` [ RunTime:0.0023s ]
SQL: UPDATE `cms_position_content` SET `title`='2015劳伦斯国际体坛精彩瞬间',`position_id`='5',`thumb`='/upload/2018/03/27/5aba03341e42c.jpg',`url`='http://sports.sina.com.cn/laureus/moment2015/',`news_id`='0',`status`='1' WHERE ( id=32 ) [ RunTime:0.0004s ]

